{"/Users/zachsanders/automation/fts/frontend/src/api/accounts.ts": {"path":"/Users/zachsanders/automation/fts/frontend/src/api/accounts.ts","statementMap":{"0":{"start":{"line":18,"column":27},"end":{"line":112,"column":null}},"1":{"start":{"line":23,"column":25},"end":{"line":23,"column":null}},"2":{"start":{"line":24,"column":8},"end":{"line":24,"column":null}},"3":{"start":{"line":31,"column":25},"end":{"line":31,"column":null}},"4":{"start":{"line":32,"column":8},"end":{"line":32,"column":null}},"5":{"start":{"line":39,"column":25},"end":{"line":39,"column":null}},"6":{"start":{"line":40,"column":8},"end":{"line":40,"column":null}},"7":{"start":{"line":47,"column":25},"end":{"line":47,"column":null}},"8":{"start":{"line":48,"column":8},"end":{"line":48,"column":null}},"9":{"start":{"line":55,"column":25},"end":{"line":55,"column":null}},"10":{"start":{"line":56,"column":8},"end":{"line":56,"column":null}},"11":{"start":{"line":63,"column":25},"end":{"line":65,"column":null}},"12":{"start":{"line":66,"column":8},"end":{"line":66,"column":null}},"13":{"start":{"line":73,"column":25},"end":{"line":76,"column":null}},"14":{"start":{"line":77,"column":8},"end":{"line":77,"column":null}},"15":{"start":{"line":84,"column":25},"end":{"line":84,"column":null}},"16":{"start":{"line":85,"column":8},"end":{"line":85,"column":null}},"17":{"start":{"line":96,"column":25},"end":{"line":99,"column":null}},"18":{"start":{"line":100,"column":8},"end":{"line":100,"column":null}},"19":{"start":{"line":107,"column":25},"end":{"line":109,"column":null}},"20":{"start":{"line":110,"column":8},"end":{"line":110,"column":null}}},"fnMap":{"0":{"name":"(anonymous_0)","decl":{"start":{"line":22,"column":10},"end":{"line":22,"column":48}},"loc":{"start":{"line":22,"column":48},"end":{"line":25,"column":null}},"line":22},"1":{"name":"(anonymous_1)","decl":{"start":{"line":30,"column":10},"end":{"line":30,"column":18}},"loc":{"start":{"line":30,"column":69},"end":{"line":33,"column":null}},"line":30},"2":{"name":"(anonymous_2)","decl":{"start":{"line":38,"column":10},"end":{"line":38,"column":17}},"loc":{"start":{"line":38,"column":71},"end":{"line":41,"column":null}},"line":38},"3":{"name":"(anonymous_3)","decl":{"start":{"line":46,"column":10},"end":{"line":46,"column":17}},"loc":{"start":{"line":46,"column":90},"end":{"line":49,"column":null}},"line":46},"4":{"name":"(anonymous_4)","decl":{"start":{"line":54,"column":10},"end":{"line":54,"column":21}},"loc":{"start":{"line":54,"column":70},"end":{"line":57,"column":null}},"line":54},"5":{"name":"(anonymous_5)","decl":{"start":{"line":62,"column":10},"end":{"line":62,"column":20}},"loc":{"start":{"line":62,"column":71},"end":{"line":67,"column":null}},"line":62},"6":{"name":"(anonymous_6)","decl":{"start":{"line":72,"column":10},"end":{"line":72,"column":18}},"loc":{"start":{"line":72,"column":89},"end":{"line":78,"column":null}},"line":72},"7":{"name":"(anonymous_7)","decl":{"start":{"line":83,"column":10},"end":{"line":83,"column":21}},"loc":{"start":{"line":83,"column":86},"end":{"line":86,"column":null}},"line":83},"8":{"name":"(anonymous_8)","decl":{"start":{"line":91,"column":10},"end":{"line":91,"column":null}},"loc":{"start":{"line":95,"column":36},"end":{"line":101,"column":null}},"line":95},"9":{"name":"(anonymous_9)","decl":{"start":{"line":106,"column":10},"end":{"line":106,"column":28}},"loc":{"start":{"line":106,"column":93},"end":{"line":111,"column":null}},"line":106}},"branchMap":{},"s":{"0":3,"1":1,"2":1,"3":1,"4":1,"5":1,"6":1,"7":1,"8":1,"9":1,"10":1,"11":0,"12":0,"13":0,"14":0,"15":0,"16":0,"17":0,"18":0,"19":0,"20":0},"f":{"0":1,"1":1,"2":1,"3":1,"4":1,"5":0,"6":0,"7":0,"8":0,"9":0},"b":{},"meta":{"lastBranch":0,"lastFunction":10,"lastStatement":21,"seen":{"s:18:27:112:Infinity":0,"f:22:10:22:48":0,"s:23:25:23:Infinity":1,"s:24:8:24:Infinity":2,"f:30:10:30:18":1,"s:31:25:31:Infinity":3,"s:32:8:32:Infinity":4,"f:38:10:38:17":2,"s:39:25:39:Infinity":5,"s:40:8:40:Infinity":6,"f:46:10:46:17":3,"s:47:25:47:Infinity":7,"s:48:8:48:Infinity":8,"f:54:10:54:21":4,"s:55:25:55:Infinity":9,"s:56:8:56:Infinity":10,"f:62:10:62:20":5,"s:63:25:65:Infinity":11,"s:66:8:66:Infinity":12,"f:72:10:72:18":6,"s:73:25:76:Infinity":13,"s:77:8:77:Infinity":14,"f:83:10:83:21":7,"s:84:25:84:Infinity":15,"s:85:8:85:Infinity":16,"f:91:10:91:Infinity":8,"s:96:25:99:Infinity":17,"s:100:8:100:Infinity":18,"f:106:10:106:28":9,"s:107:25:109:Infinity":19,"s:110:8:110:Infinity":20}}}
,"/Users/zachsanders/automation/fts/frontend/src/api/auth.ts": {"path":"/Users/zachsanders/automation/fts/frontend/src/api/auth.ts","statementMap":{"0":{"start":{"line":16,"column":23},"end":{"line":102,"column":null}},"1":{"start":{"line":21,"column":25},"end":{"line":21,"column":null}},"2":{"start":{"line":23,"column":48},"end":{"line":23,"column":null}},"3":{"start":{"line":24,"column":8},"end":{"line":24,"column":null}},"4":{"start":{"line":26,"column":8},"end":{"line":26,"column":null}},"5":{"start":{"line":33,"column":25},"end":{"line":33,"column":null}},"6":{"start":{"line":34,"column":8},"end":{"line":34,"column":null}},"7":{"start":{"line":41,"column":8},"end":{"line":45,"column":null}},"8":{"start":{"line":42,"column":12},"end":{"line":42,"column":null}},"9":{"start":{"line":44,"column":12},"end":{"line":44,"column":null}},"10":{"start":{"line":52,"column":25},"end":{"line":52,"column":null}},"11":{"start":{"line":53,"column":8},"end":{"line":53,"column":null}},"12":{"start":{"line":60,"column":25},"end":{"line":60,"column":null}},"13":{"start":{"line":61,"column":8},"end":{"line":61,"column":null}},"14":{"start":{"line":68,"column":29},"end":{"line":68,"column":null}},"15":{"start":{"line":70,"column":8},"end":{"line":72,"column":null}},"16":{"start":{"line":71,"column":12},"end":{"line":71,"column":null}},"17":{"start":{"line":74,"column":25},"end":{"line":76,"column":null}},"18":{"start":{"line":78,"column":65},"end":{"line":78,"column":null}},"19":{"start":{"line":79,"column":27},"end":{"line":79,"column":null}},"20":{"start":{"line":80,"column":8},"end":{"line":80,"column":null}},"21":{"start":{"line":82,"column":8},"end":{"line":82,"column":null}},"22":{"start":{"line":89,"column":22},"end":{"line":89,"column":null}},"23":{"start":{"line":90,"column":8},"end":{"line":90,"column":null}},"24":{"start":{"line":90,"column":20},"end":{"line":90,"column":null}},"25":{"start":{"line":91,"column":8},"end":{"line":91,"column":null}},"26":{"start":{"line":98,"column":22},"end":{"line":98,"column":null}},"27":{"start":{"line":99,"column":8},"end":{"line":99,"column":null}},"28":{"start":{"line":99,"column":20},"end":{"line":99,"column":null}},"29":{"start":{"line":100,"column":8},"end":{"line":100,"column":null}}},"fnMap":{"0":{"name":"(anonymous_0)","decl":{"start":{"line":20,"column":10},"end":{"line":20,"column":16}},"loc":{"start":{"line":20,"column":60},"end":{"line":27,"column":null}},"line":20},"1":{"name":"(anonymous_1)","decl":{"start":{"line":32,"column":10},"end":{"line":32,"column":19}},"loc":{"start":{"line":32,"column":87},"end":{"line":35,"column":null}},"line":32},"2":{"name":"(anonymous_2)","decl":{"start":{"line":40,"column":10},"end":{"line":40,"column":34}},"loc":{"start":{"line":40,"column":34},"end":{"line":46,"column":null}},"line":40},"3":{"name":"(anonymous_3)","decl":{"start":{"line":51,"column":10},"end":{"line":51,"column":31}},"loc":{"start":{"line":51,"column":89},"end":{"line":54,"column":null}},"line":51},"4":{"name":"(anonymous_4)","decl":{"start":{"line":59,"column":10},"end":{"line":59,"column":24}},"loc":{"start":{"line":59,"column":75},"end":{"line":62,"column":null}},"line":59},"5":{"name":"(anonymous_5)","decl":{"start":{"line":67,"column":10},"end":{"line":67,"column":49}},"loc":{"start":{"line":67,"column":49},"end":{"line":83,"column":null}},"line":67},"6":{"name":"(anonymous_6)","decl":{"start":{"line":88,"column":4},"end":{"line":88,"column":21}},"loc":{"start":{"line":88,"column":21},"end":{"line":92,"column":null}},"line":88},"7":{"name":"(anonymous_7)","decl":{"start":{"line":97,"column":4},"end":{"line":97,"column":31}},"loc":{"start":{"line":97,"column":31},"end":{"line":101,"column":null}},"line":97}},"branchMap":{"0":{"loc":{"start":{"line":70,"column":8},"end":{"line":72,"column":null}},"type":"if","locations":[{"start":{"line":70,"column":8},"end":{"line":72,"column":null}},{"start":{},"end":{}}],"line":70},"1":{"loc":{"start":{"line":90,"column":8},"end":{"line":90,"column":null}},"type":"if","locations":[{"start":{"line":90,"column":8},"end":{"line":90,"column":null}},{"start":{},"end":{}}],"line":90},"2":{"loc":{"start":{"line":99,"column":8},"end":{"line":99,"column":null}},"type":"if","locations":[{"start":{"line":99,"column":8},"end":{"line":99,"column":null}},{"start":{},"end":{}}],"line":99}},"s":{"0":3,"1":6,"2":6,"3":6,"4":6,"5":1,"6":1,"7":2,"8":2,"9":2,"10":0,"11":0,"12":0,"13":0,"14":2,"15":2,"16":1,"17":1,"18":1,"19":1,"20":1,"21":1,"22":4,"23":4,"24":0,"25":4,"26":3,"27":3,"28":1,"29":2},"f":{"0":6,"1":1,"2":2,"3":0,"4":0,"5":2,"6":4,"7":3},"b":{"0":[1,1],"1":[0,4],"2":[1,2]},"meta":{"lastBranch":3,"lastFunction":8,"lastStatement":30,"seen":{"s:16:23:102:Infinity":0,"f:20:10:20:16":0,"s:21:25:21:Infinity":1,"s:23:48:23:Infinity":2,"s:24:8:24:Infinity":3,"s:26:8:26:Infinity":4,"f:32:10:32:19":1,"s:33:25:33:Infinity":5,"s:34:8:34:Infinity":6,"f:40:10:40:34":2,"s:41:8:45:Infinity":7,"s:42:12:42:Infinity":8,"s:44:12:44:Infinity":9,"f:51:10:51:31":3,"s:52:25:52:Infinity":10,"s:53:8:53:Infinity":11,"f:59:10:59:24":4,"s:60:25:60:Infinity":12,"s:61:8:61:Infinity":13,"f:67:10:67:49":5,"s:68:29:68:Infinity":14,"b:70:8:72:Infinity:undefined:undefined:undefined:undefined":0,"s:70:8:72:Infinity":15,"s:71:12:71:Infinity":16,"s:74:25:76:Infinity":17,"s:78:65:78:Infinity":18,"s:79:27:79:Infinity":19,"s:80:8:80:Infinity":20,"s:82:8:82:Infinity":21,"f:88:4:88:21":6,"s:89:22:89:Infinity":22,"b:90:8:90:Infinity:undefined:undefined:undefined:undefined":1,"s:90:8:90:Infinity":23,"s:90:20:90:Infinity":24,"s:91:8:91:Infinity":25,"f:97:4:97:31":7,"s:98:22:98:Infinity":26,"b:99:8:99:Infinity:undefined:undefined:undefined:undefined":2,"s:99:8:99:Infinity":27,"s:99:20:99:Infinity":28,"s:100:8:100:Infinity":29}}}
,"/Users/zachsanders/automation/fts/frontend/src/api/index.ts": {"path":"/Users/zachsanders/automation/fts/frontend/src/api/index.ts","statementMap":{},"fnMap":{},"branchMap":{},"s":{},"f":{},"b":{},"meta":{"lastBranch":0,"lastFunction":0,"lastStatement":0,"seen":{}}}
,"/Users/zachsanders/automation/fts/frontend/src/api/notifications.ts": {"path":"/Users/zachsanders/automation/fts/frontend/src/api/notifications.ts","statementMap":{"0":{"start":{"line":15,"column":32},"end":{"line":85,"column":null}},"1":{"start":{"line":24,"column":25},"end":{"line":27,"column":null}},"2":{"start":{"line":28,"column":8},"end":{"line":28,"column":null}},"3":{"start":{"line":35,"column":25},"end":{"line":37,"column":null}},"4":{"start":{"line":38,"column":8},"end":{"line":38,"column":null}},"5":{"start":{"line":45,"column":8},"end":{"line":45,"column":null}},"6":{"start":{"line":52,"column":25},"end":{"line":52,"column":null}},"7":{"start":{"line":53,"column":8},"end":{"line":53,"column":null}},"8":{"start":{"line":60,"column":8},"end":{"line":60,"column":null}},"9":{"start":{"line":67,"column":25},"end":{"line":69,"column":null}},"10":{"start":{"line":70,"column":8},"end":{"line":70,"column":null}},"11":{"start":{"line":79,"column":25},"end":{"line":82,"column":null}},"12":{"start":{"line":83,"column":8},"end":{"line":83,"column":null}}},"fnMap":{"0":{"name":"(anonymous_0)","decl":{"start":{"line":19,"column":10},"end":{"line":19,"column":15}},"loc":{"start":{"line":23,"column":40},"end":{"line":29,"column":null}},"line":23},"1":{"name":"(anonymous_1)","decl":{"start":{"line":34,"column":10},"end":{"line":34,"column":44}},"loc":{"start":{"line":34,"column":44},"end":{"line":39,"column":null}},"line":34},"2":{"name":"(anonymous_2)","decl":{"start":{"line":44,"column":10},"end":{"line":44,"column":21}},"loc":{"start":{"line":44,"column":60},"end":{"line":46,"column":null}},"line":44},"3":{"name":"(anonymous_3)","decl":{"start":{"line":51,"column":10},"end":{"line":51,"column":61}},"loc":{"start":{"line":51,"column":61},"end":{"line":54,"column":null}},"line":51},"4":{"name":"(anonymous_4)","decl":{"start":{"line":59,"column":10},"end":{"line":59,"column":17}},"loc":{"start":{"line":59,"column":56},"end":{"line":61,"column":null}},"line":59},"5":{"name":"(anonymous_5)","decl":{"start":{"line":66,"column":10},"end":{"line":66,"column":69}},"loc":{"start":{"line":66,"column":69},"end":{"line":71,"column":null}},"line":66},"6":{"name":"(anonymous_6)","decl":{"start":{"line":76,"column":10},"end":{"line":76,"column":null}},"loc":{"start":{"line":78,"column":48},"end":{"line":84,"column":null}},"line":78}},"branchMap":{},"s":{"0":3,"1":0,"2":0,"3":0,"4":0,"5":0,"6":0,"7":0,"8":0,"9":0,"10":0,"11":0,"12":0},"f":{"0":0,"1":0,"2":0,"3":0,"4":0,"5":0,"6":0},"b":{},"meta":{"lastBranch":0,"lastFunction":7,"lastStatement":13,"seen":{"s:15:32:85:Infinity":0,"f:19:10:19:15":0,"s:24:25:27:Infinity":1,"s:28:8:28:Infinity":2,"f:34:10:34:44":1,"s:35:25:37:Infinity":3,"s:38:8:38:Infinity":4,"f:44:10:44:21":2,"s:45:8:45:Infinity":5,"f:51:10:51:61":3,"s:52:25:52:Infinity":6,"s:53:8:53:Infinity":7,"f:59:10:59:17":4,"s:60:8:60:Infinity":8,"f:66:10:66:69":5,"s:67:25:69:Infinity":9,"s:70:8:70:Infinity":10,"f:76:10:76:Infinity":6,"s:79:25:82:Infinity":11,"s:83:8:83:Infinity":12}}}
,"/Users/zachsanders/automation/fts/frontend/src/api/users.ts": {"path":"/Users/zachsanders/automation/fts/frontend/src/api/users.ts","statementMap":{"0":{"start":{"line":16,"column":24},"end":{"line":53,"column":null}},"1":{"start":{"line":21,"column":25},"end":{"line":21,"column":null}},"2":{"start":{"line":22,"column":8},"end":{"line":22,"column":null}},"3":{"start":{"line":29,"column":25},"end":{"line":29,"column":null}},"4":{"start":{"line":30,"column":8},"end":{"line":30,"column":null}},"5":{"start":{"line":37,"column":25},"end":{"line":39,"column":null}},"6":{"start":{"line":40,"column":8},"end":{"line":40,"column":null}},"7":{"start":{"line":47,"column":25},"end":{"line":50,"column":null}},"8":{"start":{"line":51,"column":8},"end":{"line":51,"column":null}}},"fnMap":{"0":{"name":"(anonymous_0)","decl":{"start":{"line":20,"column":10},"end":{"line":20,"column":59}},"loc":{"start":{"line":20,"column":59},"end":{"line":23,"column":null}},"line":20},"1":{"name":"(anonymous_1)","decl":{"start":{"line":28,"column":10},"end":{"line":28,"column":63}},"loc":{"start":{"line":28,"column":63},"end":{"line":31,"column":null}},"line":28},"2":{"name":"(anonymous_2)","decl":{"start":{"line":36,"column":10},"end":{"line":36,"column":70}},"loc":{"start":{"line":36,"column":70},"end":{"line":41,"column":null}},"line":36},"3":{"name":"(anonymous_3)","decl":{"start":{"line":46,"column":10},"end":{"line":46,"column":24}},"loc":{"start":{"line":46,"column":84},"end":{"line":52,"column":null}},"line":46}},"branchMap":{},"s":{"0":3,"1":0,"2":0,"3":4,"4":4,"5":0,"6":0,"7":0,"8":0},"f":{"0":0,"1":4,"2":0,"3":0},"b":{},"meta":{"lastBranch":0,"lastFunction":4,"lastStatement":9,"seen":{"s:16:24:53:Infinity":0,"f:20:10:20:59":0,"s:21:25:21:Infinity":1,"s:22:8:22:Infinity":2,"f:28:10:28:63":1,"s:29:25:29:Infinity":3,"s:30:8:30:Infinity":4,"f:36:10:36:70":2,"s:37:25:39:Infinity":5,"s:40:8:40:Infinity":6,"f:46:10:46:24":3,"s:47:25:50:Infinity":7,"s:51:8:51:Infinity":8}}}
,"/Users/zachsanders/automation/fts/frontend/src/features/notifications/NotificationCenter.tsx": {"path":"/Users/zachsanders/automation/fts/frontend/src/features/notifications/NotificationCenter.tsx","statementMap":{"0":{"start":{"line":13,"column":4},"end":{"line":13,"column":null}},"1":{"start":{"line":16,"column":38},"end":{"line":21,"column":null}},"2":{"start":{"line":24,"column":4},"end":{"line":27,"column":null}},"3":{"start":{"line":25,"column":25},"end":{"line":25,"column":null}},"4":{"start":{"line":26,"column":8},"end":{"line":26,"column":null}},"5":{"start":{"line":26,"column":21},"end":{"line":26,"column":null}},"6":{"start":{"line":29,"column":29},"end":{"line":35,"column":null}},"7":{"start":{"line":30,"column":8},"end":{"line":34,"column":null}},"8":{"start":{"line":31,"column":12},"end":{"line":31,"column":null}},"9":{"start":{"line":33,"column":12},"end":{"line":33,"column":null}},"10":{"start":{"line":37,"column":32},"end":{"line":44,"column":null}},"11":{"start":{"line":38,"column":8},"end":{"line":43,"column":null}},"12":{"start":{"line":39,"column":12},"end":{"line":39,"column":null}},"13":{"start":{"line":40,"column":12},"end":{"line":40,"column":null}},"14":{"start":{"line":42,"column":12},"end":{"line":42,"column":null}},"15":{"start":{"line":46,"column":32},"end":{"line":70,"column":null}},"16":{"start":{"line":47,"column":22},"end":{"line":68,"column":null}},"17":{"start":{"line":69,"column":8},"end":{"line":69,"column":null}},"18":{"start":{"line":72,"column":23},"end":{"line":82,"column":null}},"19":{"start":{"line":73,"column":21},"end":{"line":73,"column":null}},"20":{"start":{"line":74,"column":20},"end":{"line":74,"column":null}},"21":{"start":{"line":75,"column":30},"end":{"line":75,"column":null}},"22":{"start":{"line":77,"column":8},"end":{"line":77,"column":null}},"23":{"start":{"line":77,"column":32},"end":{"line":77,"column":null}},"24":{"start":{"line":78,"column":8},"end":{"line":78,"column":null}},"25":{"start":{"line":78,"column":34},"end":{"line":78,"column":null}},"26":{"start":{"line":79,"column":8},"end":{"line":79,"column":null}},"27":{"start":{"line":79,"column":35},"end":{"line":79,"column":null}},"28":{"start":{"line":80,"column":8},"end":{"line":80,"column":null}},"29":{"start":{"line":80,"column":36},"end":{"line":80,"column":null}},"30":{"start":{"line":81,"column":8},"end":{"line":81,"column":null}},"31":{"start":{"line":84,"column":4},"end":{"line":103,"column":null}},"32":{"start":{"line":85,"column":8},"end":{"line":101,"column":null}},"33":{"start":{"line":90,"column":24},"end":{"line":98,"column":null}},"34":{"start":{"line":105,"column":4},"end":{"line":121,"column":null}},"35":{"start":{"line":106,"column":8},"end":{"line":119,"column":null}},"36":{"start":{"line":123,"column":4},"end":{"line":242,"column":null}},"37":{"start":{"line":135,"column":47},"end":{"line":135,"column":57}},"38":{"start":{"line":168,"column":24},"end":{"line":238,"column":null}},"39":{"start":{"line":204,"column":56},"end":{"line":204,"column":null}}},"fnMap":{"0":{"name":"NotificationCenter","decl":{"start":{"line":6,"column":16},"end":{"line":6,"column":37}},"loc":{"start":{"line":6,"column":37},"end":{"line":244,"column":null}},"line":6},"1":{"name":"(anonymous_1)","decl":{"start":{"line":24,"column":14},"end":{"line":24,"column":20}},"loc":{"start":{"line":24,"column":20},"end":{"line":27,"column":7}},"line":24},"2":{"name":"(anonymous_2)","decl":{"start":{"line":26,"column":15},"end":{"line":26,"column":21}},"loc":{"start":{"line":26,"column":21},"end":{"line":26,"column":null}},"line":26},"3":{"name":"(anonymous_3)","decl":{"start":{"line":29,"column":29},"end":{"line":29,"column":36}},"loc":{"start":{"line":29,"column":63},"end":{"line":35,"column":null}},"line":29},"4":{"name":"(anonymous_4)","decl":{"start":{"line":37,"column":32},"end":{"line":37,"column":44}},"loc":{"start":{"line":37,"column":44},"end":{"line":44,"column":null}},"line":37},"5":{"name":"(anonymous_5)","decl":{"start":{"line":46,"column":32},"end":{"line":46,"column":33}},"loc":{"start":{"line":46,"column":50},"end":{"line":70,"column":null}},"line":46},"6":{"name":"(anonymous_6)","decl":{"start":{"line":72,"column":23},"end":{"line":72,"column":24}},"loc":{"start":{"line":72,"column":47},"end":{"line":82,"column":null}},"line":72},"7":{"name":"(anonymous_7)","decl":{"start":{"line":89,"column":39},"end":{"line":89,"column":40}},"loc":{"start":{"line":90,"column":24},"end":{"line":98,"column":null}},"line":90},"8":{"name":"(anonymous_8)","decl":{"start":{"line":135,"column":40},"end":{"line":135,"column":41}},"loc":{"start":{"line":135,"column":47},"end":{"line":135,"column":57}},"line":135},"9":{"name":"(anonymous_9)","decl":{"start":{"line":167,"column":39},"end":{"line":167,"column":40}},"loc":{"start":{"line":168,"column":24},"end":{"line":238,"column":null}},"line":168},"10":{"name":"(anonymous_10)","decl":{"start":{"line":203,"column":61},"end":{"line":203,"column":null}},"loc":{"start":{"line":204,"column":56},"end":{"line":204,"column":null}},"line":204}},"branchMap":{"0":{"loc":{"start":{"line":69,"column":15},"end":{"line":69,"column":null}},"type":"binary-expr","locations":[{"start":{"line":69,"column":15},"end":{"line":69,"column":52}},{"start":{"line":69,"column":52},"end":{"line":69,"column":null}}],"line":69},"1":{"loc":{"start":{"line":77,"column":8},"end":{"line":77,"column":null}},"type":"if","locations":[{"start":{"line":77,"column":8},"end":{"line":77,"column":null}},{"start":{},"end":{}}],"line":77},"2":{"loc":{"start":{"line":78,"column":8},"end":{"line":78,"column":null}},"type":"if","locations":[{"start":{"line":78,"column":8},"end":{"line":78,"column":null}},{"start":{},"end":{}}],"line":78},"3":{"loc":{"start":{"line":79,"column":8},"end":{"line":79,"column":null}},"type":"if","locations":[{"start":{"line":79,"column":8},"end":{"line":79,"column":null}},{"start":{},"end":{}}],"line":79},"4":{"loc":{"start":{"line":80,"column":8},"end":{"line":80,"column":null}},"type":"if","locations":[{"start":{"line":80,"column":8},"end":{"line":80,"column":null}},{"start":{},"end":{}}],"line":80},"5":{"loc":{"start":{"line":84,"column":4},"end":{"line":103,"column":null}},"type":"if","locations":[{"start":{"line":84,"column":4},"end":{"line":103,"column":null}},{"start":{},"end":{}}],"line":84},"6":{"loc":{"start":{"line":84,"column":8},"end":{"line":84,"column":49}},"type":"binary-expr","locations":[{"start":{"line":84,"column":8},"end":{"line":84,"column":21}},{"start":{"line":84,"column":21},"end":{"line":84,"column":49}}],"line":84},"7":{"loc":{"start":{"line":105,"column":4},"end":{"line":121,"column":null}},"type":"if","locations":[{"start":{"line":105,"column":4},"end":{"line":121,"column":null}},{"start":{},"end":{}}],"line":105},"8":{"loc":{"start":{"line":135,"column":21},"end":{"line":141,"column":null}},"type":"binary-expr","locations":[{"start":{"line":135,"column":21},"end":{"line":135,"column":null}},{"start":{"line":136,"column":24},"end":{"line":141,"column":null}}],"line":135},"9":{"loc":{"start":{"line":147,"column":13},"end":{"line":240,"column":null}},"type":"cond-expr","locations":[{"start":{"line":148,"column":16},"end":{"line":164,"column":null}},{"start":{"line":166,"column":16},"end":{"line":240,"column":null}}],"line":147},"10":{"loc":{"start":{"line":171,"column":32},"end":{"line":173,"column":null}},"type":"cond-expr","locations":[{"start":{"line":172,"column":38},"end":{"line":172,"column":null}},{"start":{"line":173,"column":38},"end":{"line":173,"column":null}}],"line":171},"11":{"loc":{"start":{"line":189,"column":45},"end":{"line":192,"column":null}},"type":"binary-expr","locations":[{"start":{"line":189,"column":45},"end":{"line":189,"column":null}},{"start":{"line":190,"column":48},"end":{"line":192,"column":null}}],"line":189},"12":{"loc":{"start":{"line":201,"column":45},"end":{"line":209,"column":null}},"type":"binary-expr","locations":[{"start":{"line":201,"column":45},"end":{"line":201,"column":null}},{"start":{"line":202,"column":48},"end":{"line":209,"column":null}}],"line":201},"13":{"loc":{"start":{"line":215,"column":37},"end":{"line":234,"column":null}},"type":"binary-expr","locations":[{"start":{"line":215,"column":37},"end":{"line":215,"column":null}},{"start":{"line":216,"column":40},"end":{"line":234,"column":null}}],"line":215}},"s":{"0":44,"1":44,"2":44,"3":14,"4":14,"5":14,"6":44,"7":1,"8":1,"9":0,"10":44,"11":1,"12":1,"13":1,"14":0,"15":44,"16":54,"17":54,"18":44,"19":54,"20":54,"21":54,"22":54,"23":27,"24":27,"25":0,"26":27,"27":27,"28":0,"29":0,"30":0,"31":44,"32":15,"33":75,"34":29,"35":1,"36":28,"37":29,"38":54,"39":1},"f":{"0":44,"1":14,"2":14,"3":1,"4":1,"5":54,"6":54,"7":75,"8":29,"9":54,"10":1},"b":{"0":[54,0],"1":[27,27],"2":[0,27],"3":[27,0],"4":[0,0],"5":[15,29],"6":[44,27],"7":[1,28],"8":[28,25],"9":[1,27],"10":[29,25],"11":[54,54],"12":[54,25],"13":[54,27]},"meta":{"lastBranch":14,"lastFunction":11,"lastStatement":40,"seen":{"f:6:16:6:37":0,"s:13:4:13:Infinity":0,"s:16:38:21:Infinity":1,"s:24:4:27:Infinity":2,"f:24:14:24:20":1,"s:25:25:25:Infinity":3,"s:26:8:26:Infinity":4,"f:26:15:26:21":2,"s:26:21:26:Infinity":5,"s:29:29:35:Infinity":6,"f:29:29:29:36":3,"s:30:8:34:Infinity":7,"s:31:12:31:Infinity":8,"s:33:12:33:Infinity":9,"s:37:32:44:Infinity":10,"f:37:32:37:44":4,"s:38:8:43:Infinity":11,"s:39:12:39:Infinity":12,"s:40:12:40:Infinity":13,"s:42:12:42:Infinity":14,"s:46:32:70:Infinity":15,"f:46:32:46:33":5,"s:47:22:68:Infinity":16,"s:69:8:69:Infinity":17,"b:69:15:69:52:69:52:69:Infinity":0,"s:72:23:82:Infinity":18,"f:72:23:72:24":6,"s:73:21:73:Infinity":19,"s:74:20:74:Infinity":20,"s:75:30:75:Infinity":21,"b:77:8:77:Infinity:undefined:undefined:undefined:undefined":1,"s:77:8:77:Infinity":22,"s:77:32:77:Infinity":23,"b:78:8:78:Infinity:undefined:undefined:undefined:undefined":2,"s:78:8:78:Infinity":24,"s:78:34:78:Infinity":25,"b:79:8:79:Infinity:undefined:undefined:undefined:undefined":3,"s:79:8:79:Infinity":26,"s:79:35:79:Infinity":27,"b:80:8:80:Infinity:undefined:undefined:undefined:undefined":4,"s:80:8:80:Infinity":28,"s:80:36:80:Infinity":29,"s:81:8:81:Infinity":30,"b:84:4:103:Infinity:undefined:undefined:undefined:undefined":5,"s:84:4:103:Infinity":31,"b:84:8:84:21:84:21:84:49":6,"s:85:8:101:Infinity":32,"f:89:39:89:40":7,"s:90:24:98:Infinity":33,"b:105:4:121:Infinity:undefined:undefined:undefined:undefined":7,"s:105:4:121:Infinity":34,"s:106:8:119:Infinity":35,"s:123:4:242:Infinity":36,"b:135:21:135:Infinity:136:24:141:Infinity":8,"f:135:40:135:41":8,"s:135:47:135:57":37,"b:148:16:164:Infinity:166:16:240:Infinity":9,"f:167:39:167:40":9,"s:168:24:238:Infinity":38,"b:172:38:172:Infinity:173:38:173:Infinity":10,"b:189:45:189:Infinity:190:48:192:Infinity":11,"b:201:45:201:Infinity:202:48:209:Infinity":12,"f:203:61:203:Infinity":10,"s:204:56:204:Infinity":39,"b:215:37:215:Infinity:216:40:234:Infinity":13}}}
,"/Users/zachsanders/automation/fts/frontend/src/features/notifications/NotificationPreferences.tsx": {"path":"/Users/zachsanders/automation/fts/frontend/src/features/notifications/NotificationPreferences.tsx","statementMap":{"0":{"start":{"line":7,"column":10},"end":{"line":7,"column":null}},"1":{"start":{"line":8,"column":32},"end":{"line":8,"column":null}},"2":{"start":{"line":11,"column":41},"end":{"line":14,"column":null}},"3":{"start":{"line":17,"column":10},"end":{"line":29,"column":null}},"4":{"start":{"line":20,"column":12},"end":{"line":20,"column":null}},"5":{"start":{"line":21,"column":12},"end":{"line":21,"column":null}},"6":{"start":{"line":24,"column":12},"end":{"line":24,"column":null}},"7":{"start":{"line":27,"column":12},"end":{"line":27,"column":null}},"8":{"start":{"line":31,"column":25},"end":{"line":34,"column":null}},"9":{"start":{"line":32,"column":8},"end":{"line":32,"column":null}},"10":{"start":{"line":33,"column":8},"end":{"line":33,"column":null}},"11":{"start":{"line":36,"column":4},"end":{"line":55,"column":null}},"12":{"start":{"line":37,"column":8},"end":{"line":53,"column":null}},"13":{"start":{"line":43,"column":28},"end":{"line":49,"column":null}},"14":{"start":{"line":57,"column":4},"end":{"line":65,"column":null}},"15":{"start":{"line":58,"column":8},"end":{"line":63,"column":null}},"16":{"start":{"line":67,"column":4},"end":{"line":153,"column":null}},"17":{"start":{"line":87,"column":51},"end":{"line":87,"column":null}},"18":{"start":{"line":94,"column":51},"end":{"line":94,"column":null}},"19":{"start":{"line":108,"column":51},"end":{"line":108,"column":null}},"20":{"start":{"line":115,"column":51},"end":{"line":115,"column":null}},"21":{"start":{"line":122,"column":51},"end":{"line":122,"column":null}},"22":{"start":{"line":170,"column":4},"end":{"line":192,"column":null}},"23":{"start":{"line":180,"column":31},"end":{"line":180,"column":null}}},"fnMap":{"0":{"name":"NotificationPreferences","decl":{"start":{"line":6,"column":16},"end":{"line":6,"column":42}},"loc":{"start":{"line":6,"column":42},"end":{"line":155,"column":null}},"line":6},"1":{"name":"(anonymous_1)","decl":{"start":{"line":19,"column":19},"end":{"line":19,"column":25}},"loc":{"start":{"line":19,"column":25},"end":{"line":22,"column":null}},"line":19},"2":{"name":"(anonymous_2)","decl":{"start":{"line":23,"column":17},"end":{"line":23,"column":23}},"loc":{"start":{"line":23,"column":23},"end":{"line":25,"column":null}},"line":23},"3":{"name":"(anonymous_3)","decl":{"start":{"line":26,"column":19},"end":{"line":26,"column":25}},"loc":{"start":{"line":26,"column":25},"end":{"line":28,"column":null}},"line":26},"4":{"name":"(anonymous_4)","decl":{"start":{"line":31,"column":25},"end":{"line":31,"column":32}},"loc":{"start":{"line":31,"column":66},"end":{"line":34,"column":null}},"line":31},"5":{"name":"(anonymous_5)","decl":{"start":{"line":42,"column":43},"end":{"line":42,"column":44}},"loc":{"start":{"line":43,"column":28},"end":{"line":49,"column":null}},"line":43},"6":{"name":"(anonymous_6)","decl":{"start":{"line":87,"column":38},"end":{"line":87,"column":39}},"loc":{"start":{"line":87,"column":51},"end":{"line":87,"column":null}},"line":87},"7":{"name":"(anonymous_7)","decl":{"start":{"line":94,"column":38},"end":{"line":94,"column":39}},"loc":{"start":{"line":94,"column":51},"end":{"line":94,"column":null}},"line":94},"8":{"name":"(anonymous_8)","decl":{"start":{"line":108,"column":38},"end":{"line":108,"column":39}},"loc":{"start":{"line":108,"column":51},"end":{"line":108,"column":null}},"line":108},"9":{"name":"(anonymous_9)","decl":{"start":{"line":115,"column":38},"end":{"line":115,"column":39}},"loc":{"start":{"line":115,"column":51},"end":{"line":115,"column":null}},"line":115},"10":{"name":"(anonymous_10)","decl":{"start":{"line":122,"column":38},"end":{"line":122,"column":39}},"loc":{"start":{"line":122,"column":51},"end":{"line":122,"column":null}},"line":122},"11":{"name":"PreferenceToggle","decl":{"start":{"line":157,"column":9},"end":{"line":157,"column":26}},"loc":{"start":{"line":169,"column":3},"end":{"line":194,"column":null}},"line":169},"12":{"name":"(anonymous_12)","decl":{"start":{"line":180,"column":25},"end":{"line":180,"column":31}},"loc":{"start":{"line":180,"column":31},"end":{"line":180,"column":null}},"line":180}},"branchMap":{"0":{"loc":{"start":{"line":36,"column":4},"end":{"line":55,"column":null}},"type":"if","locations":[{"start":{"line":36,"column":4},"end":{"line":55,"column":null}},{"start":{},"end":{}}],"line":36},"1":{"loc":{"start":{"line":57,"column":4},"end":{"line":65,"column":null}},"type":"if","locations":[{"start":{"line":57,"column":4},"end":{"line":65,"column":null}},{"start":{},"end":{}}],"line":57},"2":{"loc":{"start":{"line":183,"column":20},"end":{"line":183,"column":null}},"type":"cond-expr","locations":[{"start":{"line":183,"column":30},"end":{"line":183,"column":46}},{"start":{"line":183,"column":46},"end":{"line":183,"column":null}}],"line":183},"3":{"loc":{"start":{"line":184,"column":20},"end":{"line":184,"column":67}},"type":"cond-expr","locations":[{"start":{"line":184,"column":31},"end":{"line":184,"column":65}},{"start":{"line":184,"column":65},"end":{"line":184,"column":67}}],"line":184},"4":{"loc":{"start":{"line":188,"column":24},"end":{"line":188,"column":null}},"type":"cond-expr","locations":[{"start":{"line":188,"column":34},"end":{"line":188,"column":52}},{"start":{"line":188,"column":52},"end":{"line":188,"column":null}}],"line":188}},"s":{"0":35,"1":35,"2":35,"3":35,"4":4,"5":4,"6":0,"7":4,"8":35,"9":5,"10":5,"11":35,"12":13,"13":65,"14":22,"15":1,"16":21,"17":3,"18":0,"19":1,"20":0,"21":1,"22":105,"23":5},"f":{"0":35,"1":4,"2":0,"3":4,"4":5,"5":65,"6":3,"7":0,"8":1,"9":0,"10":1,"11":105,"12":5},"b":{"0":[13,22],"1":[1,21],"2":[84,21],"3":[25,80],"4":[84,21]},"meta":{"lastBranch":5,"lastFunction":13,"lastStatement":24,"seen":{"f:6:16:6:42":0,"s:7:10:7:Infinity":0,"s:8:32:8:Infinity":1,"s:11:41:14:Infinity":2,"s:17:10:29:Infinity":3,"f:19:19:19:25":1,"s:20:12:20:Infinity":4,"s:21:12:21:Infinity":5,"f:23:17:23:23":2,"s:24:12:24:Infinity":6,"f:26:19:26:25":3,"s:27:12:27:Infinity":7,"s:31:25:34:Infinity":8,"f:31:25:31:32":4,"s:32:8:32:Infinity":9,"s:33:8:33:Infinity":10,"b:36:4:55:Infinity:undefined:undefined:undefined:undefined":0,"s:36:4:55:Infinity":11,"s:37:8:53:Infinity":12,"f:42:43:42:44":5,"s:43:28:49:Infinity":13,"b:57:4:65:Infinity:undefined:undefined:undefined:undefined":1,"s:57:4:65:Infinity":14,"s:58:8:63:Infinity":15,"s:67:4:153:Infinity":16,"f:87:38:87:39":6,"s:87:51:87:Infinity":17,"f:94:38:94:39":7,"s:94:51:94:Infinity":18,"f:108:38:108:39":8,"s:108:51:108:Infinity":19,"f:115:38:115:39":9,"s:115:51:115:Infinity":20,"f:122:38:122:39":10,"s:122:51:122:Infinity":21,"f:157:9:157:26":11,"s:170:4:192:Infinity":22,"f:180:25:180:31":12,"s:180:31:180:Infinity":23,"b:183:30:183:46:183:46:183:Infinity":2,"b:184:31:184:65:184:65:184:67":3,"b:188:34:188:52:188:52:188:Infinity":4}}}
,"/Users/zachsanders/automation/fts/frontend/src/lib/axios.ts": {"path":"/Users/zachsanders/automation/fts/frontend/src/lib/axios.ts","statementMap":{"0":{"start":{"line":4,"column":16},"end":{"line":4,"column":null}},"1":{"start":{"line":24,"column":21},"end":{"line":27,"column":null}},"2":{"start":{"line":32,"column":28},"end":{"line":73,"column":null}},"3":{"start":{"line":34,"column":8},"end":{"line":34,"column":null}},"4":{"start":{"line":38,"column":8},"end":{"line":39,"column":null}},"5":{"start":{"line":43,"column":8},"end":{"line":43,"column":null}},"6":{"start":{"line":45,"column":8},"end":{"line":49,"column":null}},"7":{"start":{"line":46,"column":12},"end":{"line":46,"column":null}},"8":{"start":{"line":48,"column":12},"end":{"line":48,"column":null}},"9":{"start":{"line":53,"column":8},"end":{"line":53,"column":null}},"10":{"start":{"line":54,"column":8},"end":{"line":54,"column":null}},"11":{"start":{"line":55,"column":8},"end":{"line":55,"column":null}},"12":{"start":{"line":59,"column":8},"end":{"line":63,"column":null}},"13":{"start":{"line":60,"column":12},"end":{"line":60,"column":null}},"14":{"start":{"line":62,"column":12},"end":{"line":62,"column":null}},"15":{"start":{"line":67,"column":24},"end":{"line":67,"column":null}},"16":{"start":{"line":68,"column":8},"end":{"line":68,"column":null}},"17":{"start":{"line":68,"column":22},"end":{"line":68,"column":null}},"18":{"start":{"line":70,"column":20},"end":{"line":70,"column":null}},"19":{"start":{"line":71,"column":8},"end":{"line":71,"column":null}},"20":{"start":{"line":78,"column":25},"end":{"line":84,"column":null}},"21":{"start":{"line":89,"column":19},"end":{"line":89,"column":null}},"22":{"start":{"line":90,"column":54},"end":{"line":90,"column":null}},"23":{"start":{"line":95,"column":27},"end":{"line":97,"column":null}},"24":{"start":{"line":96,"column":4},"end":{"line":96,"column":null}},"25":{"start":{"line":102,"column":26},"end":{"line":105,"column":null}},"26":{"start":{"line":103,"column":4},"end":{"line":103,"column":null}},"27":{"start":{"line":103,"column":45},"end":{"line":103,"column":60}},"28":{"start":{"line":104,"column":4},"end":{"line":104,"column":null}},"29":{"start":{"line":110,"column":27},"end":{"line":133,"column":null}},"30":{"start":{"line":111,"column":25},"end":{"line":111,"column":null}},"31":{"start":{"line":113,"column":4},"end":{"line":115,"column":null}},"32":{"start":{"line":114,"column":8},"end":{"line":114,"column":null}},"33":{"start":{"line":117,"column":4},"end":{"line":132,"column":null}},"34":{"start":{"line":118,"column":25},"end":{"line":120,"column":null}},"35":{"start":{"line":122,"column":65},"end":{"line":122,"column":null}},"36":{"start":{"line":125,"column":27},"end":{"line":125,"column":null}},"37":{"start":{"line":126,"column":8},"end":{"line":126,"column":null}},"38":{"start":{"line":128,"column":8},"end":{"line":128,"column":null}},"39":{"start":{"line":130,"column":8},"end":{"line":130,"column":null}},"40":{"start":{"line":131,"column":8},"end":{"line":131,"column":null}},"41":{"start":{"line":138,"column":0},"end":{"line":186,"column":null}},"42":{"start":{"line":140,"column":28},"end":{"line":140,"column":null}},"43":{"start":{"line":143,"column":32},"end":{"line":143,"column":null}},"44":{"start":{"line":144,"column":33},"end":{"line":146,"column":null}},"45":{"start":{"line":145,"column":12},"end":{"line":145,"column":null}},"46":{"start":{"line":148,"column":8},"end":{"line":150,"column":null}},"47":{"start":{"line":149,"column":12},"end":{"line":149,"column":null}},"48":{"start":{"line":153,"column":8},"end":{"line":181,"column":null}},"49":{"start":{"line":154,"column":12},"end":{"line":162,"column":null}},"50":{"start":{"line":156,"column":16},"end":{"line":161,"column":null}},"51":{"start":{"line":157,"column":20},"end":{"line":160,"column":null}},"52":{"start":{"line":158,"column":24},"end":{"line":158,"column":null}},"53":{"start":{"line":159,"column":24},"end":{"line":159,"column":null}},"54":{"start":{"line":164,"column":12},"end":{"line":164,"column":null}},"55":{"start":{"line":166,"column":12},"end":{"line":178,"column":null}},"56":{"start":{"line":167,"column":33},"end":{"line":167,"column":null}},"57":{"start":{"line":168,"column":16},"end":{"line":168,"column":null}},"58":{"start":{"line":169,"column":16},"end":{"line":169,"column":null}},"59":{"start":{"line":170,"column":16},"end":{"line":170,"column":null}},"60":{"start":{"line":172,"column":16},"end":{"line":172,"column":null}},"61":{"start":{"line":173,"column":16},"end":{"line":173,"column":null}},"62":{"start":{"line":176,"column":16},"end":{"line":176,"column":null}},"63":{"start":{"line":177,"column":16},"end":{"line":177,"column":null}},"64":{"start":{"line":180,"column":12},"end":{"line":180,"column":null}},"65":{"start":{"line":183,"column":8},"end":{"line":183,"column":null}},"66":{"start":{"line":185,"column":15},"end":{"line":185,"column":null}},"67":{"start":{"line":191,"column":0},"end":{"line":238,"column":null}},"68":{"start":{"line":192,"column":18},"end":{"line":192,"column":null}},"69":{"start":{"line":194,"column":32},"end":{"line":194,"column":null}},"70":{"start":{"line":197,"column":8},"end":{"line":214,"column":null}},"71":{"start":{"line":198,"column":12},"end":{"line":198,"column":null}},"72":{"start":{"line":200,"column":12},"end":{"line":213,"column":null}},"73":{"start":{"line":201,"column":33},"end":{"line":201,"column":null}},"74":{"start":{"line":203,"column":16},"end":{"line":205,"column":null}},"75":{"start":{"line":204,"column":20},"end":{"line":204,"column":null}},"76":{"start":{"line":207,"column":16},"end":{"line":207,"column":null}},"77":{"start":{"line":210,"column":16},"end":{"line":210,"column":null}},"78":{"start":{"line":211,"column":16},"end":{"line":211,"column":null}},"79":{"start":{"line":212,"column":16},"end":{"line":212,"column":null}},"80":{"start":{"line":217,"column":8},"end":{"line":222,"column":null}},"81":{"start":{"line":218,"column":28},"end":{"line":218,"column":null}},"82":{"start":{"line":221,"column":12},"end":{"line":221,"column":null}},"83":{"start":{"line":225,"column":8},"end":{"line":234,"column":null}},"84":{"start":{"line":226,"column":12},"end":{"line":226,"column":null}},"85":{"start":{"line":228,"column":31},"end":{"line":228,"column":null}},"86":{"start":{"line":229,"column":26},"end":{"line":229,"column":null}},"87":{"start":{"line":231,"column":12},"end":{"line":231,"column":null}},"88":{"start":{"line":231,"column":43},"end":{"line":231,"column":69}},"89":{"start":{"line":233,"column":12},"end":{"line":233,"column":null}},"90":{"start":{"line":236,"column":8},"end":{"line":236,"column":null}}},"fnMap":{"0":{"name":"(anonymous_0)","decl":{"start":{"line":33,"column":20},"end":{"line":33,"column":41}},"loc":{"start":{"line":33,"column":41},"end":{"line":35,"column":null}},"line":33},"1":{"name":"(anonymous_1)","decl":{"start":{"line":37,"column":21},"end":{"line":37,"column":42}},"loc":{"start":{"line":37,"column":42},"end":{"line":40,"column":null}},"line":37},"2":{"name":"(anonymous_2)","decl":{"start":{"line":42,"column":15},"end":{"line":42,"column":16}},"loc":{"start":{"line":42,"column":97},"end":{"line":50,"column":null}},"line":42},"3":{"name":"(anonymous_3)","decl":{"start":{"line":52,"column":17},"end":{"line":52,"column":29}},"loc":{"start":{"line":52,"column":29},"end":{"line":56,"column":null}},"line":52},"4":{"name":"(anonymous_4)","decl":{"start":{"line":58,"column":17},"end":{"line":58,"column":18}},"loc":{"start":{"line":58,"column":57},"end":{"line":64,"column":null}},"line":58},"5":{"name":"(anonymous_5)","decl":{"start":{"line":66,"column":20},"end":{"line":66,"column":21}},"loc":{"start":{"line":66,"column":77},"end":{"line":72,"column":null}},"line":66},"6":{"name":"(anonymous_6)","decl":{"start":{"line":95,"column":27},"end":{"line":95,"column":28}},"loc":{"start":{"line":95,"column":66},"end":{"line":97,"column":null}},"line":95},"7":{"name":"(anonymous_7)","decl":{"start":{"line":102,"column":26},"end":{"line":102,"column":27}},"loc":{"start":{"line":102,"column":45},"end":{"line":105,"column":null}},"line":102},"8":{"name":"(anonymous_8)","decl":{"start":{"line":103,"column":31},"end":{"line":103,"column":32}},"loc":{"start":{"line":103,"column":45},"end":{"line":103,"column":60}},"line":103},"9":{"name":"(anonymous_9)","decl":{"start":{"line":110,"column":27},"end":{"line":110,"column":56}},"loc":{"start":{"line":110,"column":56},"end":{"line":133,"column":null}},"line":110},"10":{"name":"(anonymous_10)","decl":{"start":{"line":139,"column":4},"end":{"line":139,"column":11}},"loc":{"start":{"line":139,"column":50},"end":{"line":184,"column":null}},"line":139},"11":{"name":"(anonymous_11)","decl":{"start":{"line":144,"column":54},"end":{"line":144,"column":55}},"loc":{"start":{"line":145,"column":12},"end":{"line":145,"column":null}},"line":145},"12":{"name":"(anonymous_12)","decl":{"start":{"line":156,"column":35},"end":{"line":156,"column":36}},"loc":{"start":{"line":156,"column":48},"end":{"line":161,"column":17}},"line":156},"13":{"name":"(anonymous_13)","decl":{"start":{"line":157,"column":39},"end":{"line":157,"column":40}},"loc":{"start":{"line":157,"column":50},"end":{"line":160,"column":21}},"line":157},"14":{"name":"(anonymous_14)","decl":{"start":{"line":185,"column":4},"end":{"line":185,"column":5}},"loc":{"start":{"line":185,"column":15},"end":{"line":185,"column":null}},"line":185},"15":{"name":"(anonymous_15)","decl":{"start":{"line":192,"column":4},"end":{"line":192,"column":5}},"loc":{"start":{"line":192,"column":18},"end":{"line":192,"column":null}},"line":192},"16":{"name":"(anonymous_16)","decl":{"start":{"line":193,"column":4},"end":{"line":193,"column":11}},"loc":{"start":{"line":193,"column":33},"end":{"line":237,"column":null}},"line":193},"17":{"name":"(anonymous_17)","decl":{"start":{"line":231,"column":30},"end":{"line":231,"column":31}},"loc":{"start":{"line":231,"column":43},"end":{"line":231,"column":69}},"line":231}},"branchMap":{"0":{"loc":{"start":{"line":4,"column":16},"end":{"line":4,"column":null}},"type":"binary-expr","locations":[{"start":{"line":4,"column":16},"end":{"line":4,"column":48}},{"start":{"line":4,"column":48},"end":{"line":4,"column":null}}],"line":4},"1":{"loc":{"start":{"line":38,"column":15},"end":{"line":39,"column":null}},"type":"binary-expr","locations":[{"start":{"line":38,"column":15},"end":{"line":38,"column":null}},{"start":{"line":39,"column":12},"end":{"line":39,"column":null}}],"line":38},"2":{"loc":{"start":{"line":42,"column":59},"end":{"line":42,"column":97}},"type":"default-arg","locations":[{"start":{"line":42,"column":81},"end":{"line":42,"column":97}}],"line":42},"3":{"loc":{"start":{"line":45,"column":8},"end":{"line":49,"column":null}},"type":"if","locations":[{"start":{"line":45,"column":8},"end":{"line":49,"column":null}},{"start":{"line":47,"column":15},"end":{"line":49,"column":null}}],"line":45},"4":{"loc":{"start":{"line":66,"column":36},"end":{"line":66,"column":77}},"type":"default-arg","locations":[{"start":{"line":66,"column":60},"end":{"line":66,"column":77}}],"line":66},"5":{"loc":{"start":{"line":68,"column":8},"end":{"line":68,"column":null}},"type":"if","locations":[{"start":{"line":68,"column":8},"end":{"line":68,"column":null}},{"start":{},"end":{}}],"line":68},"6":{"loc":{"start":{"line":113,"column":4},"end":{"line":115,"column":null}},"type":"if","locations":[{"start":{"line":113,"column":4},"end":{"line":115,"column":null}},{"start":{},"end":{}}],"line":113},"7":{"loc":{"start":{"line":148,"column":8},"end":{"line":150,"column":null}},"type":"if","locations":[{"start":{"line":148,"column":8},"end":{"line":150,"column":null}},{"start":{},"end":{}}],"line":148},"8":{"loc":{"start":{"line":148,"column":12},"end":{"line":148,"column":46}},"type":"binary-expr","locations":[{"start":{"line":148,"column":12},"end":{"line":148,"column":32}},{"start":{"line":148,"column":32},"end":{"line":148,"column":46}}],"line":148},"9":{"loc":{"start":{"line":153,"column":8},"end":{"line":181,"column":null}},"type":"if","locations":[{"start":{"line":153,"column":8},"end":{"line":181,"column":null}},{"start":{"line":179,"column":15},"end":{"line":181,"column":null}}],"line":153},"10":{"loc":{"start":{"line":154,"column":12},"end":{"line":162,"column":null}},"type":"if","locations":[{"start":{"line":154,"column":12},"end":{"line":162,"column":null}},{"start":{},"end":{}}],"line":154},"11":{"loc":{"start":{"line":197,"column":8},"end":{"line":214,"column":null}},"type":"if","locations":[{"start":{"line":197,"column":8},"end":{"line":214,"column":null}},{"start":{},"end":{}}],"line":197},"12":{"loc":{"start":{"line":197,"column":12},"end":{"line":197,"column":71}},"type":"binary-expr","locations":[{"start":{"line":197,"column":12},"end":{"line":197,"column":46}},{"start":{"line":197,"column":46},"end":{"line":197,"column":71}}],"line":197},"13":{"loc":{"start":{"line":203,"column":16},"end":{"line":205,"column":null}},"type":"if","locations":[{"start":{"line":203,"column":16},"end":{"line":205,"column":null}},{"start":{},"end":{}}],"line":203},"14":{"loc":{"start":{"line":217,"column":8},"end":{"line":222,"column":null}},"type":"if","locations":[{"start":{"line":217,"column":8},"end":{"line":222,"column":null}},{"start":{},"end":{}}],"line":217},"15":{"loc":{"start":{"line":218,"column":28},"end":{"line":218,"column":null}},"type":"binary-expr","locations":[{"start":{"line":218,"column":28},"end":{"line":218,"column":59}},{"start":{"line":218,"column":59},"end":{"line":218,"column":null}}],"line":218},"16":{"loc":{"start":{"line":225,"column":8},"end":{"line":234,"column":null}},"type":"if","locations":[{"start":{"line":225,"column":8},"end":{"line":234,"column":null}},{"start":{},"end":{}}],"line":225},"17":{"loc":{"start":{"line":225,"column":12},"end":{"line":225,"column":71}},"type":"binary-expr","locations":[{"start":{"line":225,"column":12},"end":{"line":225,"column":46}},{"start":{"line":225,"column":46},"end":{"line":225,"column":71}}],"line":225},"18":{"loc":{"start":{"line":228,"column":40},"end":{"line":228,"column":86}},"type":"binary-expr","locations":[{"start":{"line":228,"column":40},"end":{"line":228,"column":81}},{"start":{"line":228,"column":81},"end":{"line":228,"column":86}}],"line":228}},"s":{"0":4,"1":4,"2":4,"3":33,"4":10,"5":17,"6":17,"7":2,"8":15,"9":3,"10":3,"11":3,"12":28,"13":28,"14":3,"15":18,"16":18,"17":2,"18":16,"19":16,"20":4,"21":4,"22":4,"23":4,"24":0,"25":4,"26":1,"27":0,"28":1,"29":4,"30":1,"31":1,"32":0,"33":1,"34":1,"35":1,"36":1,"37":1,"38":1,"39":0,"40":0,"41":4,"42":19,"43":19,"44":19,"45":44,"46":19,"47":8,"48":11,"49":1,"50":0,"51":0,"52":0,"53":0,"54":1,"55":1,"56":1,"57":1,"58":1,"59":1,"60":0,"61":0,"62":0,"63":0,"64":10,"65":11,"66":0,"67":4,"68":19,"69":0,"70":0,"71":0,"72":0,"73":0,"74":0,"75":0,"76":0,"77":0,"78":0,"79":0,"80":0,"81":0,"82":0,"83":0,"84":0,"85":0,"86":0,"87":0,"88":0,"89":0,"90":0},"f":{"0":33,"1":10,"2":17,"3":3,"4":28,"5":18,"6":0,"7":1,"8":0,"9":1,"10":19,"11":44,"12":0,"13":0,"14":0,"15":19,"16":0,"17":0},"b":{"0":[4,4],"1":[10,5],"2":[17],"3":[2,15],"4":[18],"5":[2,16],"6":[0,1],"7":[8,11],"8":[19,11],"9":[1,10],"10":[0,1],"11":[0,0],"12":[0,0],"13":[0,0],"14":[0,0],"15":[0,0],"16":[0,0],"17":[0,0],"18":[0,0]},"meta":{"lastBranch":19,"lastFunction":18,"lastStatement":91,"seen":{"s:4:16:4:Infinity":0,"b:4:16:4:48:4:48:4:Infinity":0,"s:24:21:27:Infinity":1,"s:32:28:73:Infinity":2,"f:33:20:33:41":0,"s:34:8:34:Infinity":3,"f:37:21:37:42":1,"s:38:8:39:Infinity":4,"b:38:15:38:Infinity:39:12:39:Infinity":1,"f:42:15:42:16":2,"b:42:81:42:97":2,"s:43:8:43:Infinity":5,"b:45:8:49:Infinity:47:15:49:Infinity":3,"s:45:8:49:Infinity":6,"s:46:12:46:Infinity":7,"s:48:12:48:Infinity":8,"f:52:17:52:29":3,"s:53:8:53:Infinity":9,"s:54:8:54:Infinity":10,"s:55:8:55:Infinity":11,"f:58:17:58:18":4,"s:59:8:63:Infinity":12,"s:60:12:60:Infinity":13,"s:62:12:62:Infinity":14,"f:66:20:66:21":5,"b:66:60:66:77":4,"s:67:24:67:Infinity":15,"b:68:8:68:Infinity:undefined:undefined:undefined:undefined":5,"s:68:8:68:Infinity":16,"s:68:22:68:Infinity":17,"s:70:20:70:Infinity":18,"s:71:8:71:Infinity":19,"s:78:25:84:Infinity":20,"s:89:19:89:Infinity":21,"s:90:54:90:Infinity":22,"s:95:27:97:Infinity":23,"f:95:27:95:28":6,"s:96:4:96:Infinity":24,"s:102:26:105:Infinity":25,"f:102:26:102:27":7,"s:103:4:103:Infinity":26,"f:103:31:103:32":8,"s:103:45:103:60":27,"s:104:4:104:Infinity":28,"s:110:27:133:Infinity":29,"f:110:27:110:56":9,"s:111:25:111:Infinity":30,"b:113:4:115:Infinity:undefined:undefined:undefined:undefined":6,"s:113:4:115:Infinity":31,"s:114:8:114:Infinity":32,"s:117:4:132:Infinity":33,"s:118:25:120:Infinity":34,"s:122:65:122:Infinity":35,"s:125:27:125:Infinity":36,"s:126:8:126:Infinity":37,"s:128:8:128:Infinity":38,"s:130:8:130:Infinity":39,"s:131:8:131:Infinity":40,"s:138:0:186:Infinity":41,"f:139:4:139:11":10,"s:140:28:140:Infinity":42,"s:143:32:143:Infinity":43,"s:144:33:146:Infinity":44,"f:144:54:144:55":11,"s:145:12:145:Infinity":45,"b:148:8:150:Infinity:undefined:undefined:undefined:undefined":7,"s:148:8:150:Infinity":46,"b:148:12:148:32:148:32:148:46":8,"s:149:12:149:Infinity":47,"b:153:8:181:Infinity:179:15:181:Infinity":9,"s:153:8:181:Infinity":48,"b:154:12:162:Infinity:undefined:undefined:undefined:undefined":10,"s:154:12:162:Infinity":49,"s:156:16:161:Infinity":50,"f:156:35:156:36":12,"s:157:20:160:Infinity":51,"f:157:39:157:40":13,"s:158:24:158:Infinity":52,"s:159:24:159:Infinity":53,"s:164:12:164:Infinity":54,"s:166:12:178:Infinity":55,"s:167:33:167:Infinity":56,"s:168:16:168:Infinity":57,"s:169:16:169:Infinity":58,"s:170:16:170:Infinity":59,"s:172:16:172:Infinity":60,"s:173:16:173:Infinity":61,"s:176:16:176:Infinity":62,"s:177:16:177:Infinity":63,"s:180:12:180:Infinity":64,"s:183:8:183:Infinity":65,"f:185:4:185:5":14,"s:185:15:185:Infinity":66,"s:191:0:238:Infinity":67,"f:192:4:192:5":15,"s:192:18:192:Infinity":68,"f:193:4:193:11":16,"s:194:32:194:Infinity":69,"b:197:8:214:Infinity:undefined:undefined:undefined:undefined":11,"s:197:8:214:Infinity":70,"b:197:12:197:46:197:46:197:71":12,"s:198:12:198:Infinity":71,"s:200:12:213:Infinity":72,"s:201:33:201:Infinity":73,"b:203:16:205:Infinity:undefined:undefined:undefined:undefined":13,"s:203:16:205:Infinity":74,"s:204:20:204:Infinity":75,"s:207:16:207:Infinity":76,"s:210:16:210:Infinity":77,"s:211:16:211:Infinity":78,"s:212:16:212:Infinity":79,"b:217:8:222:Infinity:undefined:undefined:undefined:undefined":14,"s:217:8:222:Infinity":80,"s:218:28:218:Infinity":81,"b:218:28:218:59:218:59:218:Infinity":15,"s:221:12:221:Infinity":82,"b:225:8:234:Infinity:undefined:undefined:undefined:undefined":16,"s:225:8:234:Infinity":83,"b:225:12:225:46:225:46:225:71":17,"s:226:12:226:Infinity":84,"s:228:31:228:Infinity":85,"b:228:40:228:81:228:81:228:86":18,"s:229:26:229:Infinity":86,"s:231:12:231:Infinity":87,"f:231:30:231:31":17,"s:231:43:231:69":88,"s:233:12:233:Infinity":89,"s:236:8:236:Infinity":90}}}
,"/Users/zachsanders/automation/fts/frontend/src/stores/authStore.ts": {"path":"/Users/zachsanders/automation/fts/frontend/src/stores/authStore.ts","statementMap":{"0":{"start":{"line":47,"column":21},"end":{"line":55,"column":null}},"1":{"start":{"line":57,"column":13},"end":{"line":208,"column":null}},"2":{"start":{"line":59,"column":23},"end":{"line":199,"column":null}},"3":{"start":{"line":63,"column":33},"end":{"line":63,"column":null}},"4":{"start":{"line":68,"column":32},"end":{"line":68,"column":null}},"5":{"start":{"line":69,"column":16},"end":{"line":71,"column":null}},"6":{"start":{"line":70,"column":20},"end":{"line":70,"column":null}},"7":{"start":{"line":74,"column":29},"end":{"line":74,"column":null}},"8":{"start":{"line":77,"column":39},"end":{"line":77,"column":null}},"9":{"start":{"line":80,"column":16},"end":{"line":82,"column":null}},"10":{"start":{"line":81,"column":20},"end":{"line":81,"column":null}},"11":{"start":{"line":85,"column":40},"end":{"line":85,"column":null}},"12":{"start":{"line":86,"column":39},"end":{"line":86,"column":null}},"13":{"start":{"line":87,"column":47},"end":{"line":89,"column":null}},"14":{"start":{"line":91,"column":16},"end":{"line":98,"column":null}},"15":{"start":{"line":102,"column":16},"end":{"line":107,"column":null}},"16":{"start":{"line":103,"column":20},"end":{"line":103,"column":null}},"17":{"start":{"line":106,"column":20},"end":{"line":106,"column":null}},"18":{"start":{"line":111,"column":29},"end":{"line":111,"column":null}},"19":{"start":{"line":112,"column":16},"end":{"line":112,"column":null}},"20":{"start":{"line":116,"column":16},"end":{"line":116,"column":null}},"21":{"start":{"line":119,"column":30},"end":{"line":119,"column":null}},"22":{"start":{"line":120,"column":16},"end":{"line":122,"column":null}},"23":{"start":{"line":121,"column":20},"end":{"line":121,"column":null}},"24":{"start":{"line":124,"column":32},"end":{"line":124,"column":null}},"25":{"start":{"line":125,"column":16},"end":{"line":127,"column":null}},"26":{"start":{"line":126,"column":20},"end":{"line":126,"column":null}},"27":{"start":{"line":129,"column":39},"end":{"line":129,"column":null}},"28":{"start":{"line":132,"column":16},"end":{"line":134,"column":null}},"29":{"start":{"line":133,"column":20},"end":{"line":133,"column":null}},"30":{"start":{"line":137,"column":40},"end":{"line":137,"column":null}},"31":{"start":{"line":138,"column":39},"end":{"line":138,"column":null}},"32":{"start":{"line":139,"column":47},"end":{"line":141,"column":null}},"33":{"start":{"line":143,"column":16},"end":{"line":148,"column":null}},"34":{"start":{"line":152,"column":39},"end":{"line":152,"column":null}},"35":{"start":{"line":155,"column":16},"end":{"line":157,"column":null}},"36":{"start":{"line":156,"column":20},"end":{"line":156,"column":null}},"37":{"start":{"line":159,"column":16},"end":{"line":159,"column":null}},"38":{"start":{"line":163,"column":16},"end":{"line":168,"column":null}},"39":{"start":{"line":163,"column":32},"end":{"line":168,"column":18}},"40":{"start":{"line":172,"column":16},"end":{"line":172,"column":null}},"41":{"start":{"line":176,"column":16},"end":{"line":176,"column":null}},"42":{"start":{"line":180,"column":16},"end":{"line":184,"column":null}},"43":{"start":{"line":188,"column":16},"end":{"line":192,"column":null}},"44":{"start":{"line":196,"column":16},"end":{"line":196,"column":null}},"45":{"start":{"line":197,"column":16},"end":{"line":197,"column":null}},"46":{"start":{"line":202,"column":36},"end":{"line":205,"column":null}}},"fnMap":{"0":{"name":"(anonymous_0)","decl":{"start":{"line":59,"column":8},"end":{"line":59,"column":9}},"loc":{"start":{"line":59,"column":23},"end":{"line":199,"column":null}},"line":59},"1":{"name":"(anonymous_1)","decl":{"start":{"line":62,"column":19},"end":{"line":62,"column":26}},"loc":{"start":{"line":62,"column":83},"end":{"line":99,"column":null}},"line":62},"2":{"name":"(anonymous_2)","decl":{"start":{"line":101,"column":20},"end":{"line":101,"column":32}},"loc":{"start":{"line":101,"column":32},"end":{"line":108,"column":null}},"line":101},"3":{"name":"(anonymous_3)","decl":{"start":{"line":110,"column":28},"end":{"line":110,"column":40}},"loc":{"start":{"line":110,"column":40},"end":{"line":113,"column":null}},"line":110},"4":{"name":"(anonymous_4)","decl":{"start":{"line":115,"column":27},"end":{"line":115,"column":34}},"loc":{"start":{"line":115,"column":56},"end":{"line":149,"column":null}},"line":115},"5":{"name":"(anonymous_5)","decl":{"start":{"line":151,"column":35},"end":{"line":151,"column":47}},"loc":{"start":{"line":151,"column":47},"end":{"line":160,"column":null}},"line":151},"6":{"name":"(anonymous_6)","decl":{"start":{"line":162,"column":30},"end":{"line":162,"column":31}},"loc":{"start":{"line":162,"column":67},"end":{"line":169,"column":null}},"line":162},"7":{"name":"(anonymous_7)","decl":{"start":{"line":163,"column":20},"end":{"line":163,"column":21}},"loc":{"start":{"line":163,"column":32},"end":{"line":168,"column":18}},"line":163},"8":{"name":"(anonymous_8)","decl":{"start":{"line":171,"column":27},"end":{"line":171,"column":28}},"loc":{"start":{"line":171,"column":50},"end":{"line":173,"column":null}},"line":171},"9":{"name":"(anonymous_9)","decl":{"start":{"line":175,"column":28},"end":{"line":175,"column":34}},"loc":{"start":{"line":175,"column":34},"end":{"line":177,"column":null}},"line":175},"10":{"name":"(anonymous_10)","decl":{"start":{"line":179,"column":30},"end":{"line":179,"column":31}},"loc":{"start":{"line":179,"column":89},"end":{"line":185,"column":null}},"line":179},"11":{"name":"(anonymous_11)","decl":{"start":{"line":187,"column":32},"end":{"line":187,"column":38}},"loc":{"start":{"line":187,"column":38},"end":{"line":193,"column":null}},"line":187},"12":{"name":"(anonymous_12)","decl":{"start":{"line":195,"column":19},"end":{"line":195,"column":25}},"loc":{"start":{"line":195,"column":25},"end":{"line":198,"column":null}},"line":195},"13":{"name":"(anonymous_13)","decl":{"start":{"line":202,"column":24},"end":{"line":202,"column":25}},"loc":{"start":{"line":202,"column":36},"end":{"line":205,"column":null}},"line":202}},"branchMap":{"0":{"loc":{"start":{"line":69,"column":16},"end":{"line":71,"column":null}},"type":"if","locations":[{"start":{"line":69,"column":16},"end":{"line":71,"column":null}},{"start":{},"end":{}}],"line":69},"1":{"loc":{"start":{"line":80,"column":16},"end":{"line":82,"column":null}},"type":"if","locations":[{"start":{"line":80,"column":16},"end":{"line":82,"column":null}},{"start":{},"end":{}}],"line":80},"2":{"loc":{"start":{"line":80,"column":20},"end":{"line":80,"column":70}},"type":"binary-expr","locations":[{"start":{"line":80,"column":20},"end":{"line":80,"column":49}},{"start":{"line":80,"column":49},"end":{"line":80,"column":70}}],"line":80},"3":{"loc":{"start":{"line":86,"column":39},"end":{"line":86,"column":null}},"type":"binary-expr","locations":[{"start":{"line":86,"column":39},"end":{"line":86,"column":66}},{"start":{"line":86,"column":66},"end":{"line":86,"column":null}}],"line":86},"4":{"loc":{"start":{"line":87,"column":47},"end":{"line":89,"column":null}},"type":"cond-expr","locations":[{"start":{"line":88,"column":22},"end":{"line":88,"column":null}},{"start":{"line":89,"column":22},"end":{"line":89,"column":null}}],"line":87},"5":{"loc":{"start":{"line":120,"column":16},"end":{"line":122,"column":null}},"type":"if","locations":[{"start":{"line":120,"column":16},"end":{"line":122,"column":null}},{"start":{},"end":{}}],"line":120},"6":{"loc":{"start":{"line":125,"column":16},"end":{"line":127,"column":null}},"type":"if","locations":[{"start":{"line":125,"column":16},"end":{"line":127,"column":null}},{"start":{},"end":{}}],"line":125},"7":{"loc":{"start":{"line":132,"column":16},"end":{"line":134,"column":null}},"type":"if","locations":[{"start":{"line":132,"column":16},"end":{"line":134,"column":null}},{"start":{},"end":{}}],"line":132},"8":{"loc":{"start":{"line":132,"column":20},"end":{"line":132,"column":70}},"type":"binary-expr","locations":[{"start":{"line":132,"column":20},"end":{"line":132,"column":49}},{"start":{"line":132,"column":49},"end":{"line":132,"column":70}}],"line":132},"9":{"loc":{"start":{"line":138,"column":39},"end":{"line":138,"column":null}},"type":"binary-expr","locations":[{"start":{"line":138,"column":39},"end":{"line":138,"column":66}},{"start":{"line":138,"column":66},"end":{"line":138,"column":null}}],"line":138},"10":{"loc":{"start":{"line":139,"column":47},"end":{"line":141,"column":null}},"type":"cond-expr","locations":[{"start":{"line":140,"column":22},"end":{"line":140,"column":null}},{"start":{"line":141,"column":22},"end":{"line":141,"column":null}}],"line":139},"11":{"loc":{"start":{"line":155,"column":16},"end":{"line":157,"column":null}},"type":"if","locations":[{"start":{"line":155,"column":16},"end":{"line":157,"column":null}},{"start":{},"end":{}}],"line":155},"12":{"loc":{"start":{"line":155,"column":20},"end":{"line":155,"column":70}},"type":"binary-expr","locations":[{"start":{"line":155,"column":20},"end":{"line":155,"column":49}},{"start":{"line":155,"column":49},"end":{"line":155,"column":70}}],"line":155}},"s":{"0":3,"1":3,"2":3,"3":4,"4":4,"5":4,"6":0,"7":4,"8":4,"9":4,"10":4,"11":4,"12":4,"13":4,"14":4,"15":1,"16":1,"17":1,"18":0,"19":0,"20":0,"21":0,"22":0,"23":0,"24":0,"25":0,"26":0,"27":0,"28":0,"29":0,"30":0,"31":0,"32":0,"33":0,"34":0,"35":0,"36":0,"37":0,"38":11,"39":11,"40":9,"41":13,"42":2,"43":1,"44":12,"45":12,"46":46},"f":{"0":3,"1":4,"2":1,"3":0,"4":0,"5":0,"6":11,"7":11,"8":9,"9":13,"10":2,"11":1,"12":12,"13":46},"b":{"0":[0,4],"1":[4,0],"2":[4,4],"3":[4,4],"4":[0,4],"5":[0,0],"6":[0,0],"7":[0,0],"8":[0,0],"9":[0,0],"10":[0,0],"11":[0,0],"12":[0,0]},"meta":{"lastBranch":13,"lastFunction":14,"lastStatement":47,"seen":{"s:47:21:55:Infinity":0,"s:57:13:208:Infinity":1,"f:59:8:59:9":0,"s:59:23:199:Infinity":2,"f:62:19:62:26":1,"s:63:33:63:Infinity":3,"s:68:32:68:Infinity":4,"b:69:16:71:Infinity:undefined:undefined:undefined:undefined":0,"s:69:16:71:Infinity":5,"s:70:20:70:Infinity":6,"s:74:29:74:Infinity":7,"s:77:39:77:Infinity":8,"b:80:16:82:Infinity:undefined:undefined:undefined:undefined":1,"s:80:16:82:Infinity":9,"b:80:20:80:49:80:49:80:70":2,"s:81:20:81:Infinity":10,"s:85:40:85:Infinity":11,"s:86:39:86:Infinity":12,"b:86:39:86:66:86:66:86:Infinity":3,"s:87:47:89:Infinity":13,"b:88:22:88:Infinity:89:22:89:Infinity":4,"s:91:16:98:Infinity":14,"f:101:20:101:32":2,"s:102:16:107:Infinity":15,"s:103:20:103:Infinity":16,"s:106:20:106:Infinity":17,"f:110:28:110:40":3,"s:111:29:111:Infinity":18,"s:112:16:112:Infinity":19,"f:115:27:115:34":4,"s:116:16:116:Infinity":20,"s:119:30:119:Infinity":21,"b:120:16:122:Infinity:undefined:undefined:undefined:undefined":5,"s:120:16:122:Infinity":22,"s:121:20:121:Infinity":23,"s:124:32:124:Infinity":24,"b:125:16:127:Infinity:undefined:undefined:undefined:undefined":6,"s:125:16:127:Infinity":25,"s:126:20:126:Infinity":26,"s:129:39:129:Infinity":27,"b:132:16:134:Infinity:undefined:undefined:undefined:undefined":7,"s:132:16:134:Infinity":28,"b:132:20:132:49:132:49:132:70":8,"s:133:20:133:Infinity":29,"s:137:40:137:Infinity":30,"s:138:39:138:Infinity":31,"b:138:39:138:66:138:66:138:Infinity":9,"s:139:47:141:Infinity":32,"b:140:22:140:Infinity:141:22:141:Infinity":10,"s:143:16:148:Infinity":33,"f:151:35:151:47":5,"s:152:39:152:Infinity":34,"b:155:16:157:Infinity:undefined:undefined:undefined:undefined":11,"s:155:16:157:Infinity":35,"b:155:20:155:49:155:49:155:70":12,"s:156:20:156:Infinity":36,"s:159:16:159:Infinity":37,"f:162:30:162:31":6,"s:163:16:168:Infinity":38,"f:163:20:163:21":7,"s:163:32:168:18":39,"f:171:27:171:28":8,"s:172:16:172:Infinity":40,"f:175:28:175:34":9,"s:176:16:176:Infinity":41,"f:179:30:179:31":10,"s:180:16:184:Infinity":42,"f:187:32:187:38":11,"s:188:16:192:Infinity":43,"f:195:19:195:25":12,"s:196:16:196:Infinity":44,"s:197:16:197:Infinity":45,"f:202:24:202:25":13,"s:202:36:205:Infinity":46}}}
,"/Users/zachsanders/automation/fts/frontend/src/stores/index.ts": {"path":"/Users/zachsanders/automation/fts/frontend/src/stores/index.ts","statementMap":{},"fnMap":{},"branchMap":{},"s":{},"f":{},"b":{},"meta":{"lastBranch":0,"lastFunction":0,"lastStatement":0,"seen":{}}}
,"/Users/zachsanders/automation/fts/frontend/src/stores/notificationStore.ts": {"path":"/Users/zachsanders/automation/fts/frontend/src/stores/notificationStore.ts","statementMap":{"0":{"start":{"line":37,"column":30},"end":{"line":37,"column":null}},"1":{"start":{"line":39,"column":21},"end":{"line":46,"column":null}},"2":{"start":{"line":48,"column":13},"end":{"line":166,"column":null}},"3":{"start":{"line":48,"column":77},"end":{"line":166,"column":2}},"4":{"start":{"line":52,"column":8},"end":{"line":62,"column":null}},"5":{"start":{"line":53,"column":34},"end":{"line":53,"column":null}},"6":{"start":{"line":54,"column":12},"end":{"line":57,"column":null}},"7":{"start":{"line":58,"column":12},"end":{"line":58,"column":null}},"8":{"start":{"line":60,"column":12},"end":{"line":60,"column":null}},"9":{"start":{"line":61,"column":12},"end":{"line":61,"column":null}},"10":{"start":{"line":66,"column":8},"end":{"line":72,"column":null}},"11":{"start":{"line":67,"column":29},"end":{"line":67,"column":null}},"12":{"start":{"line":68,"column":12},"end":{"line":68,"column":null}},"13":{"start":{"line":70,"column":12},"end":{"line":70,"column":null}},"14":{"start":{"line":71,"column":12},"end":{"line":71,"column":null}},"15":{"start":{"line":76,"column":8},"end":{"line":89,"column":null}},"16":{"start":{"line":77,"column":12},"end":{"line":77,"column":null}},"17":{"start":{"line":80,"column":12},"end":{"line":85,"column":null}},"18":{"start":{"line":80,"column":28},"end":{"line":85,"column":14}},"19":{"start":{"line":82,"column":20},"end":{"line":82,"column":null}},"20":{"start":{"line":87,"column":12},"end":{"line":87,"column":null}},"21":{"start":{"line":88,"column":12},"end":{"line":88,"column":null}},"22":{"start":{"line":93,"column":8},"end":{"line":104,"column":null}},"23":{"start":{"line":94,"column":12},"end":{"line":94,"column":null}},"24":{"start":{"line":97,"column":12},"end":{"line":100,"column":null}},"25":{"start":{"line":97,"column":28},"end":{"line":100,"column":14}},"26":{"start":{"line":98,"column":63},"end":{"line":98,"column":87}},"27":{"start":{"line":102,"column":12},"end":{"line":102,"column":null}},"28":{"start":{"line":103,"column":12},"end":{"line":103,"column":null}},"29":{"start":{"line":108,"column":8},"end":{"line":114,"column":null}},"30":{"start":{"line":109,"column":32},"end":{"line":109,"column":null}},"31":{"start":{"line":110,"column":12},"end":{"line":110,"column":null}},"32":{"start":{"line":112,"column":12},"end":{"line":112,"column":null}},"33":{"start":{"line":113,"column":12},"end":{"line":113,"column":null}},"34":{"start":{"line":118,"column":8},"end":{"line":124,"column":null}},"35":{"start":{"line":119,"column":32},"end":{"line":119,"column":null}},"36":{"start":{"line":120,"column":12},"end":{"line":120,"column":null}},"37":{"start":{"line":122,"column":12},"end":{"line":122,"column":null}},"38":{"start":{"line":123,"column":12},"end":{"line":123,"column":null}},"39":{"start":{"line":128,"column":22},"end":{"line":128,"column":null}},"40":{"start":{"line":131,"column":8},"end":{"line":133,"column":null}},"41":{"start":{"line":132,"column":12},"end":{"line":132,"column":null}},"42":{"start":{"line":136,"column":8},"end":{"line":136,"column":null}},"43":{"start":{"line":139,"column":29},"end":{"line":141,"column":null}},"44":{"start":{"line":140,"column":12},"end":{"line":140,"column":null}},"45":{"start":{"line":143,"column":8},"end":{"line":146,"column":null}},"46":{"start":{"line":150,"column":33},"end":{"line":150,"column":null}},"47":{"start":{"line":152,"column":8},"end":{"line":154,"column":null}},"48":{"start":{"line":153,"column":12},"end":{"line":153,"column":null}},"49":{"start":{"line":156,"column":8},"end":{"line":159,"column":null}},"50":{"start":{"line":163,"column":8},"end":{"line":163,"column":null}},"51":{"start":{"line":164,"column":8},"end":{"line":164,"column":null}},"52":{"start":{"line":169,"column":0},"end":{"line":173,"column":null}},"53":{"start":{"line":170,"column":4},"end":{"line":172,"column":null}},"54":{"start":{"line":171,"column":8},"end":{"line":171,"column":null}}},"fnMap":{"0":{"name":"(anonymous_0)","decl":{"start":{"line":48,"column":62},"end":{"line":48,"column":63}},"loc":{"start":{"line":48,"column":77},"end":{"line":166,"column":2}},"line":48},"1":{"name":"(anonymous_1)","decl":{"start":{"line":51,"column":24},"end":{"line":51,"column":36}},"loc":{"start":{"line":51,"column":36},"end":{"line":63,"column":null}},"line":51},"2":{"name":"(anonymous_2)","decl":{"start":{"line":65,"column":22},"end":{"line":65,"column":34}},"loc":{"start":{"line":65,"column":34},"end":{"line":73,"column":null}},"line":65},"3":{"name":"(anonymous_3)","decl":{"start":{"line":75,"column":16},"end":{"line":75,"column":23}},"loc":{"start":{"line":75,"column":50},"end":{"line":90,"column":null}},"line":75},"4":{"name":"(anonymous_4)","decl":{"start":{"line":80,"column":16},"end":{"line":80,"column":17}},"loc":{"start":{"line":80,"column":28},"end":{"line":85,"column":14}},"line":80},"5":{"name":"(anonymous_5)","decl":{"start":{"line":81,"column":55},"end":{"line":81,"column":56}},"loc":{"start":{"line":82,"column":20},"end":{"line":82,"column":null}},"line":82},"6":{"name":"(anonymous_6)","decl":{"start":{"line":92,"column":19},"end":{"line":92,"column":31}},"loc":{"start":{"line":92,"column":31},"end":{"line":105,"column":null}},"line":92},"7":{"name":"(anonymous_7)","decl":{"start":{"line":97,"column":16},"end":{"line":97,"column":17}},"loc":{"start":{"line":97,"column":28},"end":{"line":100,"column":14}},"line":97},"8":{"name":"(anonymous_8)","decl":{"start":{"line":98,"column":55},"end":{"line":98,"column":56}},"loc":{"start":{"line":98,"column":63},"end":{"line":98,"column":87}},"line":98},"9":{"name":"(anonymous_9)","decl":{"start":{"line":107,"column":22},"end":{"line":107,"column":34}},"loc":{"start":{"line":107,"column":34},"end":{"line":115,"column":null}},"line":107},"10":{"name":"(anonymous_10)","decl":{"start":{"line":117,"column":23},"end":{"line":117,"column":30}},"loc":{"start":{"line":117,"column":76},"end":{"line":125,"column":null}},"line":117},"11":{"name":"(anonymous_11)","decl":{"start":{"line":127,"column":18},"end":{"line":127,"column":19}},"loc":{"start":{"line":127,"column":58},"end":{"line":147,"column":null}},"line":127},"12":{"name":"(anonymous_12)","decl":{"start":{"line":139,"column":41},"end":{"line":139,"column":47}},"loc":{"start":{"line":139,"column":47},"end":{"line":141,"column":11}},"line":139},"13":{"name":"(anonymous_13)","decl":{"start":{"line":149,"column":17},"end":{"line":149,"column":23}},"loc":{"start":{"line":149,"column":23},"end":{"line":160,"column":null}},"line":149},"14":{"name":"(anonymous_14)","decl":{"start":{"line":162,"column":11},"end":{"line":162,"column":17}},"loc":{"start":{"line":162,"column":17},"end":{"line":165,"column":null}},"line":162},"15":{"name":"(anonymous_15)","decl":{"start":{"line":170,"column":44},"end":{"line":170,"column":50}},"loc":{"start":{"line":170,"column":50},"end":{"line":172,"column":5}},"line":170}},"branchMap":{"0":{"loc":{"start":{"line":82,"column":20},"end":{"line":82,"column":null}},"type":"cond-expr","locations":[{"start":{"line":82,"column":59},"end":{"line":82,"column":85}},{"start":{"line":82,"column":85},"end":{"line":82,"column":null}}],"line":82},"1":{"loc":{"start":{"line":127,"column":19},"end":{"line":127,"column":58}},"type":"default-arg","locations":[{"start":{"line":127,"column":32},"end":{"line":127,"column":58}}],"line":127},"2":{"loc":{"start":{"line":131,"column":8},"end":{"line":133,"column":null}},"type":"if","locations":[{"start":{"line":131,"column":8},"end":{"line":133,"column":null}},{"start":{},"end":{}}],"line":131},"3":{"loc":{"start":{"line":152,"column":8},"end":{"line":154,"column":null}},"type":"if","locations":[{"start":{"line":152,"column":8},"end":{"line":154,"column":null}},{"start":{},"end":{}}],"line":152},"4":{"loc":{"start":{"line":169,"column":0},"end":{"line":173,"column":null}},"type":"if","locations":[{"start":{"line":169,"column":0},"end":{"line":173,"column":null}},{"start":{},"end":{}}],"line":169}},"s":{"0":3,"1":3,"2":3,"3":3,"4":21,"5":21,"6":19,"7":19,"8":2,"9":2,"10":9,"11":9,"12":7,"13":2,"14":2,"15":3,"16":3,"17":3,"18":3,"19":6,"20":0,"21":0,"22":2,"23":2,"24":2,"25":2,"26":4,"27":0,"28":0,"29":1,"30":1,"31":1,"32":0,"33":0,"34":1,"35":1,"36":1,"37":0,"38":0,"39":7,"40":7,"41":1,"42":6,"43":6,"44":0,"45":6,"46":33,"47":33,"48":6,"49":33,"50":31,"51":31,"52":3,"53":3,"54":0},"f":{"0":3,"1":21,"2":9,"3":3,"4":3,"5":6,"6":2,"7":2,"8":4,"9":1,"10":1,"11":7,"12":0,"13":33,"14":31,"15":0},"b":{"0":[3,3],"1":[7],"2":[1,6],"3":[6,27],"4":[3,0]},"meta":{"lastBranch":5,"lastFunction":16,"lastStatement":55,"seen":{"s:37:30:37:Infinity":0,"s:39:21:46:Infinity":1,"s:48:13:166:Infinity":2,"f:48:62:48:63":0,"s:48:77:166:2":3,"f:51:24:51:36":1,"s:52:8:62:Infinity":4,"s:53:34:53:Infinity":5,"s:54:12:57:Infinity":6,"s:58:12:58:Infinity":7,"s:60:12:60:Infinity":8,"s:61:12:61:Infinity":9,"f:65:22:65:34":2,"s:66:8:72:Infinity":10,"s:67:29:67:Infinity":11,"s:68:12:68:Infinity":12,"s:70:12:70:Infinity":13,"s:71:12:71:Infinity":14,"f:75:16:75:23":3,"s:76:8:89:Infinity":15,"s:77:12:77:Infinity":16,"s:80:12:85:Infinity":17,"f:80:16:80:17":4,"s:80:28:85:14":18,"f:81:55:81:56":5,"s:82:20:82:Infinity":19,"b:82:59:82:85:82:85:82:Infinity":0,"s:87:12:87:Infinity":20,"s:88:12:88:Infinity":21,"f:92:19:92:31":6,"s:93:8:104:Infinity":22,"s:94:12:94:Infinity":23,"s:97:12:100:Infinity":24,"f:97:16:97:17":7,"s:97:28:100:14":25,"f:98:55:98:56":8,"s:98:63:98:87":26,"s:102:12:102:Infinity":27,"s:103:12:103:Infinity":28,"f:107:22:107:34":9,"s:108:8:114:Infinity":29,"s:109:32:109:Infinity":30,"s:110:12:110:Infinity":31,"s:112:12:112:Infinity":32,"s:113:12:113:Infinity":33,"f:117:23:117:30":10,"s:118:8:124:Infinity":34,"s:119:32:119:Infinity":35,"s:120:12:120:Infinity":36,"s:122:12:122:Infinity":37,"s:123:12:123:Infinity":38,"f:127:18:127:19":11,"b:127:32:127:58":1,"s:128:22:128:Infinity":39,"b:131:8:133:Infinity:undefined:undefined:undefined:undefined":2,"s:131:8:133:Infinity":40,"s:132:12:132:Infinity":41,"s:136:8:136:Infinity":42,"s:139:29:141:Infinity":43,"f:139:41:139:47":12,"s:140:12:140:Infinity":44,"s:143:8:146:Infinity":45,"f:149:17:149:23":13,"s:150:33:150:Infinity":46,"b:152:8:154:Infinity:undefined:undefined:undefined:undefined":3,"s:152:8:154:Infinity":47,"s:153:12:153:Infinity":48,"s:156:8:159:Infinity":49,"f:162:11:162:17":14,"s:163:8:163:Infinity":50,"s:164:8:164:Infinity":51,"b:169:0:173:Infinity:undefined:undefined:undefined:undefined":4,"s:169:0:173:Infinity":52,"s:170:4:172:Infinity":53,"f:170:44:170:50":15,"s:171:8:171:Infinity":54}}}
,"/Users/zachsanders/automation/fts/frontend/src/stores/uiStore.ts": {"path":"/Users/zachsanders/automation/fts/frontend/src/stores/uiStore.ts","statementMap":{"0":{"start":{"line":63,"column":21},"end":{"line":63,"column":null}},"1":{"start":{"line":64,"column":21},"end":{"line":64,"column":null}},"2":{"start":{"line":65,"column":22},"end":{"line":65,"column":null}},"3":{"start":{"line":67,"column":13},"end":{"line":168,"column":null}},"4":{"start":{"line":67,"column":57},"end":{"line":168,"column":2}},"5":{"start":{"line":72,"column":19},"end":{"line":72,"column":null}},"6":{"start":{"line":73,"column":32},"end":{"line":77,"column":null}},"7":{"start":{"line":79,"column":8},"end":{"line":81,"column":null}},"8":{"start":{"line":79,"column":24},"end":{"line":81,"column":10}},"9":{"start":{"line":84,"column":8},"end":{"line":88,"column":null}},"10":{"start":{"line":85,"column":12},"end":{"line":87,"column":null}},"11":{"start":{"line":86,"column":16},"end":{"line":86,"column":null}},"12":{"start":{"line":90,"column":8},"end":{"line":90,"column":null}},"13":{"start":{"line":94,"column":8},"end":{"line":96,"column":null}},"14":{"start":{"line":94,"column":24},"end":{"line":96,"column":10}},"15":{"start":{"line":95,"column":51},"end":{"line":95,"column":66}},"16":{"start":{"line":100,"column":8},"end":{"line":100,"column":null}},"17":{"start":{"line":107,"column":19},"end":{"line":107,"column":null}},"18":{"start":{"line":108,"column":32},"end":{"line":108,"column":null}},"19":{"start":{"line":110,"column":8},"end":{"line":112,"column":null}},"20":{"start":{"line":110,"column":24},"end":{"line":112,"column":10}},"21":{"start":{"line":114,"column":8},"end":{"line":114,"column":null}},"22":{"start":{"line":118,"column":8},"end":{"line":120,"column":null}},"23":{"start":{"line":118,"column":24},"end":{"line":120,"column":10}},"24":{"start":{"line":119,"column":51},"end":{"line":119,"column":66}},"25":{"start":{"line":124,"column":8},"end":{"line":124,"column":null}},"26":{"start":{"line":131,"column":19},"end":{"line":131,"column":null}},"27":{"start":{"line":132,"column":34},"end":{"line":132,"column":null}},"28":{"start":{"line":134,"column":8},"end":{"line":136,"column":null}},"29":{"start":{"line":134,"column":24},"end":{"line":136,"column":10}},"30":{"start":{"line":138,"column":8},"end":{"line":138,"column":null}},"31":{"start":{"line":142,"column":8},"end":{"line":144,"column":null}},"32":{"start":{"line":142,"column":24},"end":{"line":144,"column":10}},"33":{"start":{"line":143,"column":54},"end":{"line":143,"column":70}},"34":{"start":{"line":148,"column":8},"end":{"line":148,"column":null}},"35":{"start":{"line":155,"column":8},"end":{"line":155,"column":null}},"36":{"start":{"line":162,"column":8},"end":{"line":162,"column":null}},"37":{"start":{"line":162,"column":24},"end":{"line":162,"column":64}},"38":{"start":{"line":166,"column":8},"end":{"line":166,"column":null}},"39":{"start":{"line":171,"column":21},"end":{"line":184,"column":null}},"40":{"start":{"line":173,"column":8},"end":{"line":173,"column":null}},"41":{"start":{"line":176,"column":8},"end":{"line":176,"column":null}},"42":{"start":{"line":179,"column":8},"end":{"line":179,"column":null}},"43":{"start":{"line":182,"column":8},"end":{"line":182,"column":null}}},"fnMap":{"0":{"name":"(anonymous_0)","decl":{"start":{"line":67,"column":42},"end":{"line":67,"column":43}},"loc":{"start":{"line":67,"column":57},"end":{"line":168,"column":2}},"line":67},"1":{"name":"(anonymous_1)","decl":{"start":{"line":71,"column":14},"end":{"line":71,"column":15}},"loc":{"start":{"line":71,"column":25},"end":{"line":91,"column":null}},"line":71},"2":{"name":"(anonymous_2)","decl":{"start":{"line":79,"column":12},"end":{"line":79,"column":13}},"loc":{"start":{"line":79,"column":24},"end":{"line":81,"column":10}},"line":79},"3":{"name":"(anonymous_3)","decl":{"start":{"line":85,"column":23},"end":{"line":85,"column":29}},"loc":{"start":{"line":85,"column":29},"end":{"line":87,"column":15}},"line":85},"4":{"name":"(anonymous_4)","decl":{"start":{"line":93,"column":17},"end":{"line":93,"column":18}},"loc":{"start":{"line":93,"column":25},"end":{"line":97,"column":null}},"line":93},"5":{"name":"(anonymous_5)","decl":{"start":{"line":94,"column":12},"end":{"line":94,"column":13}},"loc":{"start":{"line":94,"column":24},"end":{"line":96,"column":10}},"line":94},"6":{"name":"(anonymous_6)","decl":{"start":{"line":95,"column":40},"end":{"line":95,"column":41}},"loc":{"start":{"line":95,"column":51},"end":{"line":95,"column":66}},"line":95},"7":{"name":"(anonymous_7)","decl":{"start":{"line":99,"column":17},"end":{"line":99,"column":23}},"loc":{"start":{"line":99,"column":23},"end":{"line":101,"column":null}},"line":99},"8":{"name":"(anonymous_8)","decl":{"start":{"line":106,"column":15},"end":{"line":106,"column":16}},"loc":{"start":{"line":106,"column":26},"end":{"line":115,"column":null}},"line":106},"9":{"name":"(anonymous_9)","decl":{"start":{"line":110,"column":12},"end":{"line":110,"column":13}},"loc":{"start":{"line":110,"column":24},"end":{"line":112,"column":10}},"line":110},"10":{"name":"(anonymous_10)","decl":{"start":{"line":117,"column":16},"end":{"line":117,"column":17}},"loc":{"start":{"line":117,"column":24},"end":{"line":121,"column":null}},"line":117},"11":{"name":"(anonymous_11)","decl":{"start":{"line":118,"column":12},"end":{"line":118,"column":13}},"loc":{"start":{"line":118,"column":24},"end":{"line":120,"column":10}},"line":118},"12":{"name":"(anonymous_12)","decl":{"start":{"line":119,"column":40},"end":{"line":119,"column":41}},"loc":{"start":{"line":119,"column":51},"end":{"line":119,"column":66}},"line":119},"13":{"name":"(anonymous_13)","decl":{"start":{"line":123,"column":20},"end":{"line":123,"column":26}},"loc":{"start":{"line":123,"column":26},"end":{"line":125,"column":null}},"line":123},"14":{"name":"(anonymous_14)","decl":{"start":{"line":130,"column":15},"end":{"line":130,"column":16}},"loc":{"start":{"line":130,"column":27},"end":{"line":139,"column":null}},"line":130},"15":{"name":"(anonymous_15)","decl":{"start":{"line":134,"column":12},"end":{"line":134,"column":13}},"loc":{"start":{"line":134,"column":24},"end":{"line":136,"column":10}},"line":134},"16":{"name":"(anonymous_16)","decl":{"start":{"line":141,"column":18},"end":{"line":141,"column":19}},"loc":{"start":{"line":141,"column":26},"end":{"line":145,"column":null}},"line":141},"17":{"name":"(anonymous_17)","decl":{"start":{"line":142,"column":12},"end":{"line":142,"column":13}},"loc":{"start":{"line":142,"column":24},"end":{"line":144,"column":10}},"line":142},"18":{"name":"(anonymous_18)","decl":{"start":{"line":143,"column":42},"end":{"line":143,"column":43}},"loc":{"start":{"line":143,"column":54},"end":{"line":143,"column":70}},"line":143},"19":{"name":"(anonymous_19)","decl":{"start":{"line":147,"column":18},"end":{"line":147,"column":24}},"loc":{"start":{"line":147,"column":24},"end":{"line":149,"column":null}},"line":147},"20":{"name":"(anonymous_20)","decl":{"start":{"line":154,"column":16},"end":{"line":154,"column":17}},"loc":{"start":{"line":154,"column":29},"end":{"line":156,"column":null}},"line":154},"21":{"name":"(anonymous_21)","decl":{"start":{"line":161,"column":19},"end":{"line":161,"column":25}},"loc":{"start":{"line":161,"column":25},"end":{"line":163,"column":null}},"line":161},"22":{"name":"(anonymous_22)","decl":{"start":{"line":162,"column":12},"end":{"line":162,"column":13}},"loc":{"start":{"line":162,"column":24},"end":{"line":162,"column":64}},"line":162},"23":{"name":"(anonymous_23)","decl":{"start":{"line":165,"column":20},"end":{"line":165,"column":21}},"loc":{"start":{"line":165,"column":30},"end":{"line":167,"column":null}},"line":165},"24":{"name":"(anonymous_24)","decl":{"start":{"line":172,"column":13},"end":{"line":172,"column":14}},"loc":{"start":{"line":172,"column":50},"end":{"line":174,"column":null}},"line":172},"25":{"name":"(anonymous_25)","decl":{"start":{"line":175,"column":11},"end":{"line":175,"column":12}},"loc":{"start":{"line":175,"column":48},"end":{"line":177,"column":null}},"line":175},"26":{"name":"(anonymous_26)","decl":{"start":{"line":178,"column":13},"end":{"line":178,"column":14}},"loc":{"start":{"line":178,"column":50},"end":{"line":180,"column":null}},"line":178},"27":{"name":"(anonymous_27)","decl":{"start":{"line":181,"column":10},"end":{"line":181,"column":11}},"loc":{"start":{"line":181,"column":47},"end":{"line":183,"column":null}},"line":181}},"branchMap":{"0":{"loc":{"start":{"line":75,"column":22},"end":{"line":75,"column":null}},"type":"binary-expr","locations":[{"start":{"line":75,"column":22},"end":{"line":75,"column":40}},{"start":{"line":75,"column":40},"end":{"line":75,"column":null}}],"line":75},"1":{"loc":{"start":{"line":84,"column":8},"end":{"line":88,"column":null}},"type":"if","locations":[{"start":{"line":84,"column":8},"end":{"line":88,"column":null}},{"start":{},"end":{}}],"line":84},"2":{"loc":{"start":{"line":84,"column":12},"end":{"line":84,"column":56}},"type":"binary-expr","locations":[{"start":{"line":84,"column":12},"end":{"line":84,"column":33}},{"start":{"line":84,"column":33},"end":{"line":84,"column":56}}],"line":84}},"s":{"0":3,"1":3,"2":3,"3":3,"4":3,"5":19,"6":19,"7":19,"8":19,"9":19,"10":18,"11":1,"12":19,"13":2,"14":2,"15":3,"16":26,"17":10,"18":10,"19":10,"20":10,"21":10,"22":1,"23":1,"24":2,"25":26,"26":7,"27":7,"28":7,"29":7,"30":7,"31":1,"32":1,"33":2,"34":26,"35":27,"36":2,"37":2,"38":27,"39":3,"40":5,"41":1,"42":1,"43":1},"f":{"0":3,"1":19,"2":19,"3":1,"4":2,"5":2,"6":3,"7":26,"8":10,"9":10,"10":1,"11":1,"12":2,"13":26,"14":7,"15":7,"16":1,"17":1,"18":2,"19":26,"20":27,"21":2,"22":2,"23":27,"24":5,"25":1,"26":1,"27":1},"b":{"0":[19,15],"1":[18,1],"2":[19,18]},"meta":{"lastBranch":3,"lastFunction":28,"lastStatement":44,"seen":{"s:63:21:63:Infinity":0,"s:64:21:64:Infinity":1,"s:65:22:65:Infinity":2,"s:67:13:168:Infinity":3,"f:67:42:67:43":0,"s:67:57:168:2":4,"f:71:14:71:15":1,"s:72:19:72:Infinity":5,"s:73:32:77:Infinity":6,"b:75:22:75:40:75:40:75:Infinity":0,"s:79:8:81:Infinity":7,"f:79:12:79:13":2,"s:79:24:81:10":8,"b:84:8:88:Infinity:undefined:undefined:undefined:undefined":1,"s:84:8:88:Infinity":9,"b:84:12:84:33:84:33:84:56":2,"s:85:12:87:Infinity":10,"f:85:23:85:29":3,"s:86:16:86:Infinity":11,"s:90:8:90:Infinity":12,"f:93:17:93:18":4,"s:94:8:96:Infinity":13,"f:94:12:94:13":5,"s:94:24:96:10":14,"f:95:40:95:41":6,"s:95:51:95:66":15,"f:99:17:99:23":7,"s:100:8:100:Infinity":16,"f:106:15:106:16":8,"s:107:19:107:Infinity":17,"s:108:32:108:Infinity":18,"s:110:8:112:Infinity":19,"f:110:12:110:13":9,"s:110:24:112:10":20,"s:114:8:114:Infinity":21,"f:117:16:117:17":10,"s:118:8:120:Infinity":22,"f:118:12:118:13":11,"s:118:24:120:10":23,"f:119:40:119:41":12,"s:119:51:119:66":24,"f:123:20:123:26":13,"s:124:8:124:Infinity":25,"f:130:15:130:16":14,"s:131:19:131:Infinity":26,"s:132:34:132:Infinity":27,"s:134:8:136:Infinity":28,"f:134:12:134:13":15,"s:134:24:136:10":29,"s:138:8:138:Infinity":30,"f:141:18:141:19":16,"s:142:8:144:Infinity":31,"f:142:12:142:13":17,"s:142:24:144:10":32,"f:143:42:143:43":18,"s:143:54:143:70":33,"f:147:18:147:24":19,"s:148:8:148:Infinity":34,"f:154:16:154:17":20,"s:155:8:155:Infinity":35,"f:161:19:161:25":21,"s:162:8:162:Infinity":36,"f:162:12:162:13":22,"s:162:24:162:64":37,"f:165:20:165:21":23,"s:166:8:166:Infinity":38,"s:171:21:184:Infinity":39,"f:172:13:172:14":24,"s:173:8:173:Infinity":40,"f:175:11:175:12":25,"s:176:8:176:Infinity":41,"f:178:13:178:14":26,"s:179:8:179:Infinity":42,"f:181:10:181:11":27,"s:182:8:182:Infinity":43}}}
}
